#
# A fatal error has been detected by the Java Runtime Environment:
#
#  Internal Error (jvmciRuntime.cpp:1609), pid=28, tid=43
#  fatal error: Fatal exception in JVMCI: Error calling jdk.vm.ci.services.Services.serializeSavedProperties
#
# JRE version: OpenJDK Runtime Environment GraalVM CE 22.3.0 (17.0.5+8) (build 17.0.5+8-jvmci-22.3-b08)
# Java VM: OpenJDK 64-Bit Server VM GraalVM CE 22.3.0 (17.0.5+8-jvmci-22.3-b08, mixed mode, sharing, tiered, jvmci, jvmci compiler, compressed oops, compressed class ptrs, parallel gc, linux-amd64)
# Problematic frame:
# V  [libjvm.so+0x972714]  JVMCIRuntime::fatal_exception(JVMCIEnv*, char const*)+0x74
#
# Core dump will be written. Default location: Core dumps may be processed with "/usr/share/apport/apport -p%p -s%s -c%c -d%d -P%P -u%u -g%g -- %E" (or dumping to /home/runner/zaliczenie/core.28)
#
# If you would like to submit a bug report, please visit:
#   https://github.com/oracle/graal/issues
#

---------------  S U M M A R Y ------------

Command Line: -XX:ThreadPriorityPolicy=1 -XX:+UnlockExperimentalVMOptions -XX:+EnableJVMCIProduct -XX:JVMCIThreadsPerNativeLibraryRuntime=1 -XX:-UnlockExperimentalVMOptions -Declipse.application=org.eclipse.jdt.ls.core.id1 -Dosgi.bundles.defaultStartLevel=4 -Declipse.product=org.eclipse.jdt.ls.core.product -Dlog.level=ALL -Xverify:none -XX:+UseParallelGC -XX:GCTimeRatio=4 -XX:AdaptiveSizePolicyWeight=90 -Dsun.zip.disableMemoryMapping=true -Xmx512m -Xms100m /nix/store/m6gcpi1ii6rghy04cjwjddcavv7i90df-jdt-language-server-1.9.0/share/java/plugins/org.eclipse.equinox.launcher_1.6.400.v20210924-0641.jar --add-modules=ALL-SYSTEM --add-opens java.base/java.util=ALL-UNNAMED --add-opens java.base/java.lang=ALL-UNNAMED -configuration /home/runner/.cache/jdt-language-server/config -data /home/runner/.cache/jdt-language-server/data/home/runner/zaliczenie

Host: AMD EPYC 7B12, 8 cores, 1G, Ubuntu 20.04.2 LTS
Time: Wed May 24 12:11:29 2023 UTC elapsed time: 497.901416 seconds (0d 0h 8m 17s)

---------------  T H R E A D  ---------------

Current thread (0x00007f60ec0b21d0):  JavaThread "JVMCI-native CompilerThread0" daemon [_thread_in_vm, id=43, stack(0x00007f60d0518000,0x00007f60d0718000)]


Current CompileTask:
JVMCI-native: 497901 8525 %     4       org.eclipse.jdt.internal.core.index.DiskIndex::copyQueryResults @ 104 (218 bytes)

Stack: [0x00007f60d0518000,0x00007f60d0718000],  sp=0x00007f60d0716380,  free space=2040k
Native frames: (J=compiled Java code, j=interpreted, Vv=VM code, C=native code)
V  [libjvm.so+0x972714]  JVMCIRuntime::fatal_exception(JVMCIEnv*, char const*)+0x74
V  [libjvm.so+0x93e2fe]  JVMCIEnv::copy_saved_properties()+0x14e
V  [libjvm.so+0x9732a9]  JVMCIRuntime::initialize(JVMCIEnv*)+0xb19
V  [libjvm.so+0x9738a2]  JVMCIRuntime::get_HotSpotJVMCIRuntime(JVMCIEnv*)+0x12
V  [libjvm.so+0x9749f2]  JVMCIRuntime::compile_method(JVMCIEnv*, JVMCICompiler*, methodHandle const&, int)+0xd2
V  [libjvm.so+0x5b0d20]  CompileBroker::invoke_compiler_on_method(CompileTask*)+0x1470
V  [libjvm.so+0x5b12e8]  CompileBroker::compiler_thread_loop()+0x528
V  [libjvm.so+0xd82460]  JavaThread::thread_main_inner()+0xd0
V  [libjvm.so+0xd85a40]  Thread::call_run()+0xc0
V  [libjvm.so+0xbdb1e1]  thread_native_entry(Thread*)+0xe1

Register to memory mapping:

RAX=0x00007f60f0141000 points into unknown readable memory: 0x0000000000000058 | 58 00 00 00 00 00 00 00
RBX=0x00007f60f123c398: <offset 0x0000000000ef5398> in /nix/store/gpxl5qgg8kicmcvivwmybwjlpf7wh20l-graalvm17-ce-22.3.0/lib/server/libjvm.so at 0x00007f60f0347000
RCX=0x00007f60f11f41e8: <offset 0x0000000000ead1e8> in /nix/store/gpxl5qgg8kicmcvivwmybwjlpf7wh20l-graalvm17-ce-22.3.0/lib/server/libjvm.so at 0x00007f60f0347000
RDX=0x0000000000000649 is an unknown value
RSP=0x00007f60d0716380 is pointing into the stack for thread: 0x00007f60ec0b21d0
RBP=0x00007f60d07163a0 is pointing into the stack for thread: 0x00007f60ec0b21d0
RSI=0x00007f60f123cc48: <offset 0x0000000000ef5c48> in /nix/store/gpxl5qgg8kicmcvivwmybwjlpf7wh20l-graalvm17-ce-22.3.0/lib/server/libjvm.so at 0x00007f60f0347000
RDI=0x00000000e0000000 is an oop: java.lang.String 
{0x00000000e0000000} - klass: 'java/lang/String'
 - string: "resolution"
R8 =0x00007f60f123c398: <offset 0x0000000000ef5398> in /nix/store/gpxl5qgg8kicmcvivwmybwjlpf7wh20l-graalvm17-ce-22.3.0/lib/server/libjvm.so at 0x00007f60f0347000
R9 =0x00007f60d0716330 is pointing into the stack for thread: 0x00007f60ec0b21d0
R10=0x00007f60d0717948 is pointing into the stack for thread: 0x00007f60ec0b21d0
R11=0x0000000000000293 is an unknown value
R12=0x0 is NULL
R13=0x00007f60ec0b21d0 is a thread
R14=0x00007f60ec000b80 points into unknown readable memory: 0x00007f60f146da38 | 38 da 46 f1 60 7f 00 00
R15=0x00007f60f157be40: <offset 0x0000000001234e40> in /nix/store/gpxl5qgg8kicmcvivwmybwjlpf7wh20l-graalvm17-ce-22.3.0/lib/server/libjvm.so at 0x00007f60f0347000


Registers:
RAX=0x00007f60f0141000, RBX=0x00007f60f123c398, RCX=0x00007f60f11f41e8, RDX=0x0000000000000649
RSP=0x00007f60d0716380, RBP=0x00007f60d07163a0, RSI=0x00007f60f123cc48, RDI=0x00000000e0000000
R8 =0x00007f60f123c398, R9 =0x00007f60d0716330, R10=0x00007f60d0717948, R11=0x0000000000000293
R12=0x0000000000000000, R13=0x00007f60ec0b21d0, R14=0x00007f60ec000b80, R15=0x00007f60f157be40
RIP=0x00007f60f0cb9714, EFLAGS=0x0000000000010206, CSGSFS=0x002b000000000033, ERR=0x0000000000000006
  TRAPNO=0x000000000000000e

Top of Stack: (sp=0x00007f60d0716380)
0x00007f60d0716380:   00007f60d0716940 00007f60ec0b21d0
0x00007f60d0716390:   00007f60d1f7e8c8 0000000800c417a0
0x00007f60d07163a0:   00007f60d0716500 00007f60f0c852fe
0x00007f60d07163b0:   00007f60d07163e0 00007f60d0716440 

Instructions: (pc=0x00007f60f0cb9714)
0x00007f60f0cb9614:   30 e8 f6 cf e8 ff 4c 89 e7 e8 2e 48 d1 ff 84 db
0x00007f60f0cb9624:   75 2a 4d 85 ed 74 04 4d 8b 6d 00 48 83 c4 08 44
0x00007f60f0cb9634:   89 f9 4c 89 f2 4c 89 ee 5b 4c 89 e7 41 5c 41 5d
0x00007f60f0cb9644:   41 5e 41 5f 5d e9 e2 47 d1 ff 66 90 48 83 c4 08
0x00007f60f0cb9654:   5b 41 5c 41 5d 41 5e 41 5f 5d c3 90 31 d2 be 08
0x00007f60f0cb9664:   00 00 00 4c 89 ff e8 b1 78 a3 ff 49 89 c5 e9 37
0x00007f60f0cb9674:   ff ff ff 66 0f 1f 84 00 00 00 00 00 48 8b 7a 08
0x00007f60f0cb9684:   e9 6d ff ff ff 0f 1f 80 00 00 00 00 e8 5b 48 0a
0x00007f60f0cb9694:   00 84 c0 75 89 e9 6a ff ff ff 66 90 55 48 89 e5
0x00007f60f0cb96a4:   41 56 41 55 41 54 49 89 fc 53 48 89 f3 66 48 8d
0x00007f60f0cb96b4:   3d 27 5e 85 00 66 66 48 e8 df 43 8d ff 4c 8b 28
0x00007f60f0cb96c4:   8b 05 be 72 8a 00 85 c0 75 14 ba 01 00 00 00 48
0x00007f60f0cb96d4:   8d 0d ae 72 8a 00 f0 0f b1 11 85 c0 74 4e be c8
0x00007f60f0cb96e4:   00 00 00 4c 89 ef e8 01 0b 41 00 48 8d 05 12 ac
0x00007f60f0cb96f4:   85 00 49 89 d8 48 8d 0d e8 aa 53 00 ba 49 06 00
0x00007f60f0cb9704:   00 48 8d 35 3c 35 58 00 bf 00 00 00 e0 48 8b 00
0x00007f60f0cb9714:   c6 00 58 31 c0 e8 e2 91 c6 ff 5b 41 5c 41 5d 41
0x00007f60f0cb9724:   5e 5d e9 55 34 26 00 0f 1f 44 00 00 48 8d 05 81
0x00007f60f0cb9734:   a3 8b 00 48 89 df 4c 8b 30 e8 9e 43 8d ff 48 89
0x00007f60f0cb9744:   de 48 89 c2 49 8b 06 4c 89 f7 ff 50 08 4c 89 f7
0x00007f60f0cb9754:   e8 a7 5c 27 00 4d 85 e4 74 12 be 01 00 00 00 4c
0x00007f60f0cb9764:   89 e7 e8 35 43 fc ff eb 82 0f 1f 00 be 01 00 00
0x00007f60f0cb9774:   00 4c 89 ef e8 d3 fd ff ff e9 6d ff ff ff 66 66
0x00007f60f0cb9784:   2e 0f 1f 84 00 00 00 00 00 0f 1f 00 55 48 89 e5
0x00007f60f0cb9794:   41 57 41 56 41 55 41 54 53 48 81 ec 08 02 00 00
0x00007f60f0cb97a4:   64 48 8b 04 25 28 00 00 00 48 89 45 c8 8b 07 83
0x00007f60f0cb97b4:   f8 02 0f 84 11 04 00 00 4c 8b 6f 18 49 89 ff 49
0x00007f60f0cb97c4:   89 f4 4d 85 ed 74 14 4c 89 ef e8 5d 57 22 00 41
0x00007f60f0cb97d4:   8b 07 83 f8 02 0f 84 19 04 00 00 48 8d 1d 9a 06
0x00007f60f0cb97e4:   8a 00 4c 8d 35 0b 3c 58 00 eb 38 90 48 85 d2 7f
0x00007f60f0cb97f4:   0d 48 8d 05 b4 c0 85 00 48 83 38 00 7e 0e 41 8b
0x00007f60f0cb9804:   77 2c 4c 89 f7 31 c0 e8 a0 b2 f7 ff 49 8b 7f 18 


Stack slot to memory mapping:
stack at sp + 0 slots: 0x00007f60d0716940 is pointing into the stack for thread: 0x00007f60ec0b21d0
stack at sp + 1 slots: 0x00007f60ec0b21d0 is a thread
stack at sp + 2 slots: 0x00007f60d1f7e8c8 points into unknown readable memory: 0x6573001880c9ffff | ff ff c9 80 18 00 73 65
stack at sp + 3 slots: 0x0000000800c417a0 is a pointer to class: 
jdk.vm.ci.services.Services {0x0000000800c417a0}
 - instance size:     2
 - klass size:        65
 - access:            public final synchronized 
 - state:             fully_initialized
 - name:              'jdk/vm/ci/services/Services'
 - super:             'java/lang/Object'
 - sub:               
 - arrays:            NULL
 - methods:           Array<T>(0x00007f60d103f308)
 - method ordering:   Array<T>(0x0000000800928960)
 - default_methods:   Array<T>(0x0000000000000000)
 - local interfaces:  Array<T>(0x00000008005ce810)
 - trans. interfaces: Array<T>(0x00000008005ce810)
 - constants:         constant pool [427] {0x00007f60d103e3e8} for 'jdk/vm/ci/services/Services' cache=0x00007f60d10405d8
 - class loader data:  loader data: 0x00007f60ec0283f0 of 'bootstrap'
 - source file:       'Services.java'
 - class annotations:       Array<T>(0x0000000000000000)
 - class type annotations:  Array<T>(0x0000000000000000)
 - field annotations:       Array<T>(0x0000000000000000)
 - field type annotations:  Array<T>(0x0000000000000000)
 - inner classes:     Array<T>(0x00007f60d10405a8)
 - nest members:     Array<T>(0x00007f60d10405c8)
 - permitted subclasses:     Array<T>(0x00000008005ce7a0)
 - java mirror:       a 'java/lang/Class'{0x00000000e0149468} = 'jdk/vm/ci/services/Services'
 - vtable length      5  (start addr: 0x0000000800c41970)
 - itable length      2 (start addr: 0x0000000800c41998)
 - ---- static fields (3 words):
 - public static final 'IS_BUILDING_NATIVE_IMAGE' 'Z' @128 
 - public static final 'IS_IN_NATIVE_IMAGE' 'Z' @129 
 - private static volatile 'savedProperties' 'Ljava/util/Map;' @112 
 - static final 'JVMCI_ENABLED' 'Z' @130 
 - private static final 'servicesCache' 'Ljava/util/Map;' @116 
 - private static final 'MAX_UNICODE_IN_UTF8_LENGTH' 'I' @120 
 - private static final 'MAX_UTF8_PROPERTY_STRING_LENGTH' 'I' @124 
 - ---- non-static fields (0 words):
 - non-static oop maps: 
stack at sp + 4 slots: 0x00007f60d0716500 is pointing into the stack for thread: 0x00007f60ec0b21d0
stack at sp + 5 slots: 0x00007f60f0c852fe: <offset 0x000000000093e2fe> in /nix/store/gpxl5qgg8kicmcvivwmybwjlpf7wh20l-graalvm17-ce-22.3.0/lib/server/libjvm.so at 0x00007f60f0347000
stack at sp + 6 slots: 0x00007f60d07163e0 is pointing into the stack for thread: 0x00007f60ec0b21d0
stack at sp + 7 slots: 0x00007f60d0716440 is pointing into the stack for thread: 0x00007f60ec0b21d0


---------------  P R O C E S S  ---------------

Threads class SMR info:
_java_thread_list=0x00007f6038000b70, length=24, elements={
0x00007f60ec026690, 0x00007f60ec0a64d0, 0x00007f60ec0a7910, 0x00007f60ec0ae040,
0x00007f60ec0af3f0, 0x00007f60ec0b07e0, 0x00007f60ec0b21d0, 0x00007f60ec0b36e0,
0x00007f60ec0b4b30, 0x00007f60ec0d81c0, 0x00007f60ec120650, 0x00007f60ec303690,
0x00007f60ec337220, 0x00007f60ec3391a0, 0x00007f60ec33a510, 0x00007f6080017060,
0x00007f60803109f0, 0x00007f6080374640, 0x00007f60680010d0, 0x00007f60804f1da0,
0x00007f608074ee10, 0x00007f60ec469d00, 0x00007f60ec490db0, 0x00007f6048446ea0
}

Java Threads: ( => current thread )
  0x00007f60ec026690 JavaThread "main" [_thread_blocked, id=35, stack(0x00007f60f0162000,0x00007f60f0262000)]
  0x00007f60ec0a64d0 JavaThread "Reference Handler" daemon [_thread_blocked, id=38, stack(0x00007f60d0dfe000,0x00007f60d0efe000)]
  0x00007f60ec0a7910 JavaThread "Finalizer" daemon [_thread_blocked, id=39, stack(0x00007f60d0cfe000,0x00007f60d0dfe000)]
  0x00007f60ec0ae040 JavaThread "Signal Dispatcher" daemon [_thread_blocked, id=40, stack(0x00007f60d0918000,0x00007f60d0a18000)]
  0x00007f60ec0af3f0 JavaThread "Service Thread" daemon [_thread_blocked, id=41, stack(0x00007f60d0818000,0x00007f60d0918000)]
  0x00007f60ec0b07e0 JavaThread "Monitor Deflation Thread" daemon [_thread_blocked, id=42, stack(0x00007f60d0718000,0x00007f60d0818000)]
=>0x00007f60ec0b21d0 JavaThread "JVMCI-native CompilerThread0" daemon [_thread_in_vm, id=43, stack(0x00007f60d0518000,0x00007f60d0718000)]
  0x00007f60ec0b36e0 JavaThread "C1 CompilerThread0" daemon [_thread_blocked, id=44, stack(0x00007f60d0318000,0x00007f60d0518000)]
  0x00007f60ec0b4b30 JavaThread "Sweeper thread" daemon [_thread_blocked, id=45, stack(0x00007f60d0218000,0x00007f60d0318000)]
  0x00007f60ec0d81c0 JavaThread "Common-Cleaner" daemon [_thread_blocked, id=46, stack(0x00007f60d0118000,0x00007f60d0218000)]
  0x00007f60ec120650 JavaThread "Notification Thread" daemon [_thread_blocked, id=47, stack(0x00007f60d0018000,0x00007f60d0118000)]
  0x00007f60ec303690 JavaThread "Active Thread: Equinox Container: df39b1a6-eb55-4261-a15f-dd29a31a133f" [_thread_blocked, id=61, stack(0x00007f60a3dc1000,0x00007f60a3ec1000)]
  0x00007f60ec337220 JavaThread "Framework Event Dispatcher: Equinox Container: df39b1a6-eb55-4261-a15f-dd29a31a133f" daemon [_thread_blocked, id=62, stack(0x00007f60a0700000,0x00007f60a0800000)]
  0x00007f60ec3391a0 JavaThread "Start Level: Equinox Container: df39b1a6-eb55-4261-a15f-dd29a31a133f" daemon [_thread_blocked, id=63, stack(0x00007f60a0500000,0x00007f60a0600000)]
  0x00007f60ec33a510 JavaThread "Refresh Thread: Equinox Container: df39b1a6-eb55-4261-a15f-dd29a31a133f" daemon [_thread_blocked, id=64, stack(0x00007f60a0300000,0x00007f60a0400000)]
  0x00007f6080017060 JavaThread "SCR Component Actor" daemon [_thread_blocked, id=71, stack(0x00007f60a0100000,0x00007f60a0200000)]
  0x00007f60803109f0 JavaThread "Worker-JM" [_thread_blocked, id=75, stack(0x00007f6097f00000,0x00007f6098000000)]
  0x00007f6080374640 JavaThread "Worker-0" [_thread_blocked, id=76, stack(0x00007f6097d00000,0x00007f6097e00000)]
  0x00007f60680010d0 JavaThread "Worker-1" [_thread_blocked, id=77, stack(0x00007f6097b00000,0x00007f6097c00000)]
  0x00007f60804f1da0 JavaThread "Java indexing" daemon [_thread_blocked, id=78, stack(0x00007f6097900000,0x00007f6097a00000)]
  0x00007f608074ee10 JavaThread "Bundle File Closer" daemon [_thread_blocked, id=87, stack(0x00007f6097700000,0x00007f6097800000)]
  0x00007f60ec469d00 JavaThread "pool-3-thread-1" [_thread_blocked, id=88, stack(0x00007f6097500000,0x00007f6097600000)]
  0x00007f60ec490db0 JavaThread "pool-2-thread-1" [_thread_blocked, id=89, stack(0x00007f6097300000,0x00007f6097400000)]
  0x00007f6048446ea0 JavaThread "Okio Watchdog" daemon [_thread_blocked, id=152, stack(0x00007f6096b00000,0x00007f6096c00000)]

Other Threads:
  0x00007f60ec0a1c10 VMThread "VM Thread" [stack: 0x00007f60d0f00000,0x00007f60d1000000] [id=37] _threads_hazard_ptr=0x00007f6038000b70
  0x00007f60ec121ff0 WatcherThread [stack: 0x00007f60a3f00000,0x00007f60a4000000] [id=48]
  0x00007f60ec03df30 GCTaskThread "GC Thread#0" [stack: 0x00007f60d31c7000,0x00007f60d32c7000] [id=36]

Threads with active compile tasks:
JVMCI-native CompilerThread0   497958 8525 %     4       org.eclipse.jdt.internal.core.index.DiskIndex::copyQueryResults @ 104 (218 bytes)

VM state: synchronizing (normal execution)

VM Mutex/Monitor currently owned by a thread:  ([mutex/lock_event])
[0x00007f60ec023840] Threads_lock - owner thread: 0x00007f60ec0a1c10
[0x00007f60ec023ff0] Heap_lock - owner thread: 0x00007f60804f1da0

OutOfMemory and StackOverflow Exception counts:
OutOfMemoryError java_heap_errors=9
LinkageErrors=70

Heap address: 0x00000000e0000000, size: 512 MB, Compressed Oops mode: 32-bit

CDS archive(s) mapped at: [0x0000000800000000-0x0000000800bc8000-0x0000000800bc8000), size 12353536, SharedBaseAddress: 0x0000000800000000, ArchiveRelocationMode: 0.
Compressed class space mapped at: 0x0000000800c00000-0x0000000840c00000, reserved size: 1073741824
Narrow klass base: 0x0000000800000000, Narrow klass shift: 0, Narrow klass range: 0x100000000

GC Precious Log:
 CPUs: 8 total, 1 available
 Memory: 1024M
 Large Page Support: Disabled
 NUMA Support: Disabled
 Compressed Oops: Enabled (32-bit)
 Alignments: Space 512K, Generation 512K, Heap 2M
 Heap Min Capacity: 100M
 Heap Initial Capacity: 100M
 Heap Max Capacity: 512M
 Pre-touch: Disabled
 Parallel Workers: 1

Heap:
 PSYoungGen      total 22016K, used 17407K [0x00000000f5580000, 0x00000000f7180000, 0x0000000100000000)
  eden space 17408K, 99% used [0x00000000f5580000,0x00000000f667fff8,0x00000000f6680000)
  from space 4608K, 0% used [0x00000000f6d00000,0x00000000f6d00000,0x00000000f7180000)
  to   space 5120K, 0% used [0x00000000f6680000,0x00000000f6680000,0x00000000f6b80000)
 ParOldGen       total 349696K, used 349695K [0x00000000e0000000, 0x00000000f5580000, 0x00000000f5580000)
  object space 349696K, 99% used [0x00000000e0000000,0x00000000f557fff8,0x00000000f5580000)
 Metaspace       used 58676K, committed 59840K, reserved 1105920K
  class space    used 5844K, committed 6272K, reserved 1048576K

Card table byte_map: [0x00007f60d32c7000,0x00007f60d33c8000] _byte_map_base: 0x00007f60d2bc7000

Marking Bits: (ParMarkBitMap*) 0x00007f60f15754c0
 Begin Bits: [0x00007f60d211a000, 0x00007f60d291a000)
 End Bits:   [0x00007f60d291a000, 0x00007f60d311a000)

Polling page: 0x00007f60f013f000

Metaspace:

Usage:
  Non-class:     51.59 MB used.
      Class:      5.71 MB used.
       Both:     57.30 MB used.

Virtual space:
  Non-class space:       56.00 MB reserved,      52.31 MB ( 93%) committed,  7 nodes.
      Class space:        1.00 GB reserved,       6.12 MB ( <1%) committed,  1 nodes.
             Both:        1.05 GB reserved,      58.44 MB (  5%) committed. 

Chunk freelists:
   Non-Class:  3.18 MB
       Class:  1.89 MB
        Both:  5.06 MB

MaxMetaspaceSize: unlimited
CompressedClassSpaceSize: 1.00 GB
Initial GC threshold: 21.00 MB
Current GC threshold: 97.31 MB
CDS: on
MetaspaceReclaimPolicy: balanced
 - commit_granule_bytes: 65536.
 - commit_granule_words: 8192.
 - virtual_space_node_default_size: 1048576.
 - enlarge_chunks_in_place: 1.
 - new_chunks_are_fully_committed: 0.
 - uncommit_free_chunks: 1.
 - use_allocation_guard: 0.
 - handle_deallocations: 1.


Internal statistics:

num_allocs_failed_limit: 6.
num_arena_births: 496.
num_arena_deaths: 148.
num_vsnodes_births: 8.
num_vsnodes_deaths: 0.
num_space_committed: 934.
num_space_uncommitted: 0.
num_chunks_returned_to_freelist: 208.
num_chunks_taken_from_freelist: 2787.
num_chunk_merges: 87.
num_chunk_splits: 1826.
num_chunks_enlarged: 1154.
num_purges: 16.
num_inconsistent_stats: 0.

CodeHeap 'non-profiled nmethods': size=120036Kb used=2481Kb max_used=2534Kb free=117555Kb
 bounds [0x00007f60daf7a000, 0x00007f60db1fa000, 0x00007f60e24b3000]
CodeHeap 'profiled nmethods': size=120032Kb used=12472Kb max_used=15092Kb free=107559Kb
 bounds [0x00007f60d3a42000, 0x00007f60d4902000, 0x00007f60daf7a000]
CodeHeap 'non-nmethods': size=5692Kb used=1382Kb max_used=1404Kb free=4310Kb
 bounds [0x00007f60d34b3000, 0x00007f60d3723000, 0x00007f60d3a42000]
 total_blobs=7143 nmethods=6426 adapters=628
 compilation: enabled
              stopped_count=0, restarted_count=0
 full_count=0

JVMCI Events (20 events):
Event: 96.790 Thread 0x00007f60ec0b21d0 releasing handles for JVMCI runtime 0: oop handles=128, metadata handles={total=928, live=518, blocks=29}
Event: 96.790 Thread 0x00007f60ec0b21d0 detached from JVMCI runtime 0
Event: 291.591 Thread 0x00007f60ec0b21d0 attached to JVMCI runtime 0
Event: 291.592 Thread 0x00007f60ec0b21d0 created JavaVM[2]@0x00007f609619e340 for JVMCI runtime 0
Event: 293.182 Thread 0x00007f60ec0b21d0 initializing JVMCI runtime 0
Event: 293.182 Thread 0x00007f60ec0b21d0 done waiting for JavaVM references initialization in JVMCI runtime 0
Event: 321.063 Thread 0x00007f60ec0b21d0 initialized JVMCI runtime 0
Event: 344.722 Thread 0x00007f60ec0b21d0 compacted oop handles in JVMCI runtime 0 from 93 to 91
Event: 348.369 Thread 0x00007f60ec0b21d0 compacted oop handles in JVMCI runtime 0 from 92 to 91
Event: 349.608 Thread 0x00007f60ec0b21d0 detaching from JVMCI runtime 0: releasing idle compiler thread (0 other threads still attached)
Event: 349.608 Thread 0x00007f60ec0b21d0 shutting down HotSpotJVMCIRuntime for JVMCI runtime 0
Event: 349.609 Thread 0x00007f60ec0b21d0 shut down JVMCI runtime 0
Event: 350.822 Thread 0x00007f60ec0b21d0 destroyed JavaVM[2]@0x00007f609619e340 for JVMCI runtime 0
Event: 350.822 Thread 0x00007f60ec0b21d0 compacted oop handles in JVMCI runtime 0 from 93 to 93
Event: 350.822 Thread 0x00007f60ec0b21d0 releasing handles for JVMCI runtime 0: oop handles=93, metadata handles={total=160, live=153, blocks=29}
Event: 350.822 Thread 0x00007f60ec0b21d0 detached from JVMCI runtime 0
Event: 445.999 Thread 0x00007f60ec0b21d0 attached to JVMCI runtime 0
Event: 446.013 Thread 0x00007f60ec0b21d0 created JavaVM[3]@0x00007f609619e340 for JVMCI runtime 0
Event: 446.013 Thread 0x00007f60ec0b21d0 initializing JVMCI runtime 0
Event: 446.013 Thread 0x00007f60ec0b21d0 done waiting for JavaVM references initialization in JVMCI runtime 0

Compilation events (20 events):
Event: 93.770 Thread 0x00007f60ec0b21d0 nmethod 8475 0x00007f60db127d10 code [0x00007f60db127fa0, 0x00007f60db128db8]
Event: 219.081 Thread 0x00007f60ec0b36e0 8516       3       java.util.concurrent.Executors$RunnableAdapter::call (14 bytes)
Event: 220.923 Thread 0x00007f60ec0b36e0 nmethod 8516 0x00007f60d3c92f90 code [0x00007f60d3c93140, 0x00007f60d3c93480]
Event: 291.591 Thread 0x00007f60ec0b21d0 8517       4       jdk.internal.misc.Unsafe::weakCompareAndSetLong (11 bytes)
Event: 326.801 Thread 0x00007f60ec0b21d0 nmethod 8517 0x00007f60db08ec10 code [0x00007f60db08ed80, 0x00007f60db08edd0]
Event: 326.801 Thread 0x00007f60ec0b21d0 8519       4       java.util.Collections$UnmodifiableCollection$1::next (10 bytes)
Event: 334.856 Thread 0x00007f60ec0b21d0 nmethod 8519 0x00007f60db0d7f90 code [0x00007f60db0d8100, 0x00007f60db0d8170]
Event: 334.856 Thread 0x00007f60ec0b21d0 8518       4       java.io.DataOutputStream::writeUTF (7 bytes)
Event: 344.722 Thread 0x00007f60ec0b21d0 nmethod 8518 0x00007f60db126290 code [0x00007f60db1264c0, 0x00007f60db1275c0]
Event: 344.722 Thread 0x00007f60ec0b21d0 8521       4       java.util.Objects::checkFromIndexSize (8 bytes)
Event: 348.369 Thread 0x00007f60ec0b21d0 nmethod 8521 0x00007f60db0b5810 code [0x00007f60db0b5980, 0x00007f60db0b5a00]
Event: 348.369 Thread 0x00007f60ec0b21d0 8520       4       java.nio.ByteBuffer::array (35 bytes)
Event: 348.371 Thread 0x00007f60ec0b21d0 nmethod 8520 0x00007f60db033610 code [0x00007f60db033780, 0x00007f60db033800]
Event: 349.608 Thread 0x00007f60ec0b36e0 8522       3       jdk.internal.misc.Unsafe::putReferenceOpaque (9 bytes)
Event: 349.609 Thread 0x00007f60ec0b36e0 nmethod 8522 0x00007f60d3a83c90 code [0x00007f60d3a83e20, 0x00007f60d3a83f50]
Event: 390.064 Thread 0x00007f60ec0b36e0 8524       3       java.util.concurrent.locks.LockSupport::setBlocker (12 bytes)
Event: 390.064 Thread 0x00007f60ec0b36e0 nmethod 8524 0x00007f60d3af0a10 code [0x00007f60d3af0bc0, 0x00007f60d3af0ce0]
Event: 445.999 Thread 0x00007f60ec0b21d0 8525 %     4       org.eclipse.jdt.internal.core.index.DiskIndex::copyQueryResults @ 104 (218 bytes)
Event: 487.326 Thread 0x00007f60ec0b36e0 8526       3       java.util.concurrent.locks.AbstractQueuedSynchronizer::acquire (20 bytes)
Event: 487.327 Thread 0x00007f60ec0b36e0 nmethod 8526 0x00007f60d3fe4a10 code [0x00007f60d3fe4bc0, 0x00007f60d3fe4f90]

GC Heap History (20 events):
Event: 476.180 GC heap before
{Heap before GC invocations=442 (full 316):
 PSYoungGen      total 22016K, used 17407K [0x00000000f5580000, 0x00000000f7180000, 0x0000000100000000)
  eden space 17408K, 99% used [0x00000000f5580000,0x00000000f667fff8,0x00000000f6680000)
  from space 4608K, 0% used [0x00000000f6d00000,0x00000000f6d00000,0x00000000f7180000)
  to   space 5120K, 0% used [0x00000000f6680000,0x00000000f6680000,0x00000000f6b80000)
 ParOldGen       total 349696K, used 349695K [0x00000000e0000000, 0x00000000f5580000, 0x00000000f5580000)
  object space 349696K, 99% used [0x00000000e0000000,0x00000000f557ffd8,0x00000000f5580000)
 Metaspace       used 58676K, committed 59840K, reserved 1105920K
  class space    used 5844K, committed 6272K, reserved 1048576K
}
Event: 478.880 GC heap after
{Heap after GC invocations=442 (full 316):
 PSYoungGen      total 22528K, used 17407K [0x00000000f5580000, 0x00000000f7180000, 0x0000000100000000)
  eden space 17408K, 99% used [0x00000000f5580000,0x00000000f667fff8,0x00000000f6680000)
  from space 5120K, 0% used [0x00000000f6680000,0x00000000f6680000,0x00000000f6b80000)
  to   space 4608K, 0% used [0x00000000f6d00000,0x00000000f6d00000,0x00000000f7180000)
 ParOldGen       total 349696K, used 349695K [0x00000000e0000000, 0x00000000f5580000, 0x00000000f5580000)
  object space 349696K, 99% used [0x00000000e0000000,0x00000000f557ffb8,0x00000000f5580000)
 Metaspace       used 58676K, committed 59840K, reserved 1105920K
  class space    used 5844K, committed 6272K, reserved 1048576K
}
Event: 478.883 GC heap before
{Heap before GC invocations=443 (full 317):
 PSYoungGen      total 22528K, used 17407K [0x00000000f5580000, 0x00000000f7180000, 0x0000000100000000)
  eden space 17408K, 99% used [0x00000000f5580000,0x00000000f667fff8,0x00000000f6680000)
  from space 5120K, 0% used [0x00000000f6680000,0x00000000f6680000,0x00000000f6b80000)
  to   space 4608K, 0% used [0x00000000f6d00000,0x00000000f6d00000,0x00000000f7180000)
 ParOldGen       total 349696K, used 349696K [0x00000000e0000000, 0x00000000f5580000, 0x00000000f5580000)
  object space 349696K, 100% used [0x00000000e0000000,0x00000000f5580000,0x00000000f5580000)
 Metaspace       used 58676K, committed 59840K, reserved 1105920K
  class space    used 5844K, committed 6272K, reserved 1048576K
}
Event: 481.132 GC heap after
{Heap after GC invocations=443 (full 317):
 PSYoungGen      total 22016K, used 17407K [0x00000000f5580000, 0x00000000f7180000, 0x0000000100000000)
  eden space 17408K, 99% used [0x00000000f5580000,0x00000000f667fff8,0x00000000f6680000)
  from space 4608K, 0% used [0x00000000f6d00000,0x00000000f6d00000,0x00000000f7180000)
  to   space 5120K, 0% used [0x00000000f6680000,0x00000000f6680000,0x00000000f6b80000)
 ParOldGen       total 349696K, used 349696K [0x00000000e0000000, 0x00000000f5580000, 0x00000000f5580000)
  object space 349696K, 100% used [0x00000000e0000000,0x00000000f5580000,0x00000000f5580000)
 Metaspace       used 58676K, committed 59840K, reserved 1105920K
  class space    used 5844K, committed 6272K, reserved 1048576K
}
Event: 481.132 GC heap before
{Heap before GC invocations=444 (full 318):
 PSYoungGen      total 22016K, used 17407K [0x00000000f5580000, 0x00000000f7180000, 0x0000000100000000)
  eden space 17408K, 99% used [0x00000000f5580000,0x00000000f667fff8,0x00000000f6680000)
  from space 4608K, 0% used [0x00000000f6d00000,0x00000000f6d00000,0x00000000f7180000)
  to   space 5120K, 0% used [0x00000000f6680000,0x00000000f6680000,0x00000000f6b80000)
 ParOldGen       total 349696K, used 349696K [0x00000000e0000000, 0x00000000f5580000, 0x00000000f5580000)
  object space 349696K, 100% used [0x00000000e0000000,0x00000000f5580000,0x00000000f5580000)
 Metaspace       used 58676K, committed 59840K, reserved 1105920K
  class space    used 5844K, committed 6272K, reserved 1048576K
}
Event: 483.303 GC heap after
{Heap after GC invocations=444 (full 318):
 PSYoungGen      total 22528K, used 17407K [0x00000000f5580000, 0x00000000f7180000, 0x0000000100000000)
  eden space 17408K, 99% used [0x00000000f5580000,0x00000000f667fff8,0x00000000f6680000)
  from space 5120K, 0% used [0x00000000f6680000,0x00000000f6680000,0x00000000f6b80000)
  to   space 4608K, 0% used [0x00000000f6d00000,0x00000000f6d00000,0x00000000f7180000)
 ParOldGen       total 349696K, used 349696K [0x00000000e0000000, 0x00000000f5580000, 0x00000000f5580000)
  object space 349696K, 100% used [0x00000000e0000000,0x00000000f5580000,0x00000000f5580000)
 Metaspace       used 58676K, committed 59840K, reserved 1105920K
  class space    used 5844K, committed 6272K, reserved 1048576K
}
Event: 483.303 GC heap before
{Heap before GC invocations=445 (full 319):
 PSYoungGen      total 22528K, used 17407K [0x00000000f5580000, 0x00000000f7180000, 0x0000000100000000)
  eden space 17408K, 99% used [0x00000000f5580000,0x00000000f667fff8,0x00000000f6680000)
  from space 5120K, 0% used [0x00000000f6680000,0x00000000f6680000,0x00000000f6b80000)
  to   space 4608K, 0% used [0x00000000f6d00000,0x00000000f6d00000,0x00000000f7180000)
 ParOldGen       total 349696K, used 349696K [0x00000000e0000000, 0x00000000f5580000, 0x00000000f5580000)
  object space 349696K, 100% used [0x00000000e0000000,0x00000000f5580000,0x00000000f5580000)
 Metaspace       used 58676K, committed 59840K, reserved 1105920K
  class space    used 5844K, committed 6272K, reserved 1048576K
}
Event: 485.210 GC heap after
{Heap after GC invocations=445 (full 319):
 PSYoungGen      total 22016K, used 17407K [0x00000000f5580000, 0x00000000f7180000, 0x0000000100000000)
  eden space 17408K, 99% used [0x00000000f5580000,0x00000000f667fff8,0x00000000f6680000)
  from space 4608K, 0% used [0x00000000f6d00000,0x00000000f6d00000,0x00000000f7180000)
  to   space 5120K, 0% used [0x00000000f6680000,0x00000000f6680000,0x00000000f6b80000)
 ParOldGen       total 349696K, used 349695K [0x00000000e0000000, 0x00000000f5580000, 0x00000000f5580000)
  object space 349696K, 99% used [0x00000000e0000000,0x00000000f557ffe0,0x00000000f5580000)
 Metaspace       used 58676K, committed 59840K, reserved 1105920K
  class space    used 5844K, committed 6272K, reserved 1048576K
}
Event: 485.210 GC heap before
{Heap before GC invocations=446 (full 320):
 PSYoungGen      total 22016K, used 17407K [0x00000000f5580000, 0x00000000f7180000, 0x0000000100000000)
  eden space 17408K, 99% used [0x00000000f5580000,0x00000000f667fff8,0x00000000f6680000)
  from space 4608K, 0% used [0x00000000f6d00000,0x00000000f6d00000,0x00000000f7180000)
  to   space 5120K, 0% used [0x00000000f6680000,0x00000000f6680000,0x00000000f6b80000)
 ParOldGen       total 349696K, used 349695K [0x00000000e0000000, 0x00000000f5580000, 0x00000000f5580000)
  object space 349696K, 99% used [0x00000000e0000000,0x00000000f557ffe0,0x00000000f5580000)
 Metaspace       used 58676K, committed 59840K, reserved 1105920K
  class space    used 5844K, committed 6272K, reserved 1048576K
}
Event: 487.326 GC heap after
{Heap after GC invocations=446 (full 320):
 PSYoungGen      total 22528K, used 17407K [0x00000000f5580000, 0x00000000f7180000, 0x0000000100000000)
  eden space 17408K, 99% used [0x00000000f5580000,0x00000000f667fff8,0x00000000f6680000)
  from space 5120K, 0% used [0x00000000f6680000,0x00000000f6680000,0x00000000f6b80000)
  to   space 4608K, 0% used [0x00000000f6d00000,0x00000000f6d00000,0x00000000f7180000)
 ParOldGen       total 349696K, used 349695K [0x00000000e0000000, 0x00000000f5580000, 0x00000000f5580000)
  object space 349696K, 99% used [0x00000000e0000000,0x00000000f557ffe0,0x00000000f5580000)
 Metaspace       used 58676K, committed 59840K, reserved 1105920K
  class space    used 5844K, committed 6272K, reserved 1048576K
}
Event: 487.327 GC heap before
{Heap before GC invocations=447 (full 321):
 PSYoungGen      total 22528K, used 17407K [0x00000000f5580000, 0x00000000f7180000, 0x0000000100000000)
  eden space 17408K, 99% used [0x00000000f5580000,0x00000000f667fff8,0x00000000f6680000)
  from space 5120K, 0% used [0x00000000f6680000,0x00000000f6680000,0x00000000f6b80000)
  to   space 4608K, 0% used [0x00000000f6d00000,0x00000000f6d00000,0x00000000f7180000)
 ParOldGen       total 349696K, used 349696K [0x00000000e0000000, 0x00000000f5580000, 0x00000000f5580000)
  object space 349696K, 100% used [0x00000000e0000000,0x00000000f5580000,0x00000000f5580000)
 Metaspace       used 58676K, committed 59840K, reserved 1105920K
  class space    used 5844K, committed 6272K, reserved 1048576K
}
Event: 489.464 GC heap after
{Heap after GC invocations=447 (full 321):
 PSYoungGen      total 22016K, used 17407K [0x00000000f5580000, 0x00000000f7180000, 0x0000000100000000)
  eden space 17408K, 99% used [0x00000000f5580000,0x00000000f667fff8,0x00000000f6680000)
  from space 4608K, 0% used [0x00000000f6d00000,0x00000000f6d00000,0x00000000f7180000)
  to   space 5120K, 0% used [0x00000000f6680000,0x00000000f6680000,0x00000000f6b80000)
 ParOldGen       total 349696K, used 349695K [0x00000000e0000000, 0x00000000f5580000, 0x00000000f5580000)
  object space 349696K, 99% used [0x00000000e0000000,0x00000000f557ffe0,0x00000000f5580000)
 Metaspace       used 58676K, committed 59840K, reserved 1105920K
  class space    used 5844K, committed 6272K, reserved 1048576K
}
Event: 489.466 GC heap before
{Heap before GC invocations=448 (full 322):
 PSYoungGen      total 22016K, used 17407K [0x00000000f5580000, 0x00000000f7180000, 0x0000000100000000)
  eden space 17408K, 99% used [0x00000000f5580000,0x00000000f667fff8,0x00000000f6680000)
  from space 4608K, 0% used [0x00000000f6d00000,0x00000000f6d00000,0x00000000f7180000)
  to   space 5120K, 0% used [0x00000000f6680000,0x00000000f6680000,0x00000000f6b80000)
 ParOldGen       total 349696K, used 349696K [0x00000000e0000000, 0x00000000f5580000, 0x00000000f5580000)
  object space 349696K, 100% used [0x00000000e0000000,0x00000000f5580000,0x00000000f5580000)
 Metaspace       used 58676K, committed 59840K, reserved 1105920K
  class space    used 5844K, committed 6272K, reserved 1048576K
}
Event: 491.562 GC heap after
{Heap after GC invocations=448 (full 322):
 PSYoungGen      total 22528K, used 17407K [0x00000000f5580000, 0x00000000f7180000, 0x0000000100000000)
  eden space 17408K, 99% used [0x00000000f5580000,0x00000000f667fff8,0x00000000f6680000)
  from space 5120K, 0% used [0x00000000f6680000,0x00000000f6680000,0x00000000f6b80000)
  to   space 4608K, 0% used [0x00000000f6d00000,0x00000000f6d00000,0x00000000f7180000)
 ParOldGen       total 349696K, used 349695K [0x00000000e0000000, 0x00000000f5580000, 0x00000000f5580000)
  object space 349696K, 99% used [0x00000000e0000000,0x00000000f557ffe0,0x00000000f5580000)
 Metaspace       used 58676K, committed 59840K, reserved 1105920K
  class space    used 5844K, committed 6272K, reserved 1048576K
}
Event: 491.563 GC heap before
{Heap before GC invocations=449 (full 323):
 PSYoungGen      total 22528K, used 17407K [0x00000000f5580000, 0x00000000f7180000, 0x0000000100000000)
  eden space 17408K, 99% used [0x00000000f5580000,0x00000000f667fff8,0x00000000f6680000)
  from space 5120K, 0% used [0x00000000f6680000,0x00000000f6680000,0x00000000f6b80000)
  to   space 4608K, 0% used [0x00000000f6d00000,0x00000000f6d00000,0x00000000f7180000)
 ParOldGen       total 349696K, used 349696K [0x00000000e0000000, 0x00000000f5580000, 0x00000000f5580000)
  object space 349696K, 100% used [0x00000000e0000000,0x00000000f5580000,0x00000000f5580000)
 Metaspace       used 58676K, committed 59840K, reserved 1105920K
  class space    used 5844K, committed 6272K, reserved 1048576K
}
Event: 493.513 GC heap after
{Heap after GC invocations=449 (full 323):
 PSYoungGen      total 22016K, used 17407K [0x00000000f5580000, 0x00000000f7180000, 0x0000000100000000)
  eden space 17408K, 99% used [0x00000000f5580000,0x00000000f667fff8,0x00000000f6680000)
  from space 4608K, 0% used [0x00000000f6d00000,0x00000000f6d00000,0x00000000f7180000)
  to   space 5120K, 0% used [0x00000000f6680000,0x00000000f6680000,0x00000000f6b80000)
 ParOldGen       total 349696K, used 349695K [0x00000000e0000000, 0x00000000f5580000, 0x00000000f5580000)
  object space 349696K, 99% used [0x00000000e0000000,0x00000000f557ffe0,0x00000000f5580000)
 Metaspace       used 58676K, committed 59840K, reserved 1105920K
  class space    used 5844K, committed 6272K, reserved 1048576K
}
Event: 493.513 GC heap before
{Heap before GC invocations=450 (full 324):
 PSYoungGen      total 22016K, used 17407K [0x00000000f5580000, 0x00000000f7180000, 0x0000000100000000)
  eden space 17408K, 99% used [0x00000000f5580000,0x00000000f667fff8,0x00000000f6680000)
  from space 4608K, 0% used [0x00000000f6d00000,0x00000000f6d00000,0x00000000f7180000)
  to   space 5120K, 0% used [0x00000000f6680000,0x00000000f6680000,0x00000000f6b80000)
 ParOldGen       total 349696K, used 349695K [0x00000000e0000000, 0x00000000f5580000, 0x00000000f5580000)
  object space 349696K, 99% used [0x00000000e0000000,0x00000000f557fff8,0x00000000f5580000)
 Metaspace       used 58676K, committed 59840K, reserved 1105920K
  class space    used 5844K, committed 6272K, reserved 1048576K
}
Event: 495.674 GC heap after
{Heap after GC invocations=450 (full 324):
 PSYoungGen      total 22528K, used 17407K [0x00000000f5580000, 0x00000000f7180000, 0x0000000100000000)
  eden space 17408K, 99% used [0x00000000f5580000,0x00000000f667fff8,0x00000000f6680000)
  from space 5120K, 0% used [0x00000000f6680000,0x00000000f6680000,0x00000000f6b80000)
  to   space 4608K, 0% used [0x00000000f6d00000,0x00000000f6d00000,0x00000000f7180000)
 ParOldGen       total 349696K, used 349695K [0x00000000e0000000, 0x00000000f5580000, 0x00000000f5580000)
  object space 349696K, 99% used [0x00000000e0000000,0x00000000f557fff8,0x00000000f5580000)
 Metaspace       used 58676K, committed 59840K, reserved 1105920K
  class space    used 5844K, committed 6272K, reserved 1048576K
}
Event: 495.674 GC heap before
{Heap before GC invocations=451 (full 325):
 PSYoungGen      total 22528K, used 17407K [0x00000000f5580000, 0x00000000f7180000, 0x0000000100000000)
  eden space 17408K, 99% used [0x00000000f5580000,0x00000000f667fff8,0x00000000f6680000)
  from space 5120K, 0% used [0x00000000f6680000,0x00000000f6680000,0x00000000f6b80000)
  to   space 4608K, 0% used [0x00000000f6d00000,0x00000000f6d00000,0x00000000f7180000)
 ParOldGen       total 349696K, used 349695K [0x00000000e0000000, 0x00000000f5580000, 0x00000000f5580000)
  object space 349696K, 99% used [0x00000000e0000000,0x00000000f557fff8,0x00000000f5580000)
 Metaspace       used 58676K, committed 59840K, reserved 1105920K
  class space    used 5844K, committed 6272K, reserved 1048576K
}
Event: 497.857 GC heap after
{Heap after GC invocations=451 (full 325):
 PSYoungGen      total 22016K, used 17407K [0x00000000f5580000, 0x00000000f7180000, 0x0000000100000000)
  eden space 17408K, 99% used [0x00000000f5580000,0x00000000f667fff8,0x00000000f6680000)
  from space 4608K, 0% used [0x00000000f6d00000,0x00000000f6d00000,0x00000000f7180000)
  to   space 5120K, 0% used [0x00000000f6680000,0x00000000f6680000,0x00000000f6b80000)
 ParOldGen       total 349696K, used 349695K [0x00000000e0000000, 0x00000000f5580000, 0x00000000f5580000)
  object space 349696K, 99% used [0x00000000e0000000,0x00000000f557fff8,0x00000000f5580000)
 Metaspace       used 58676K, committed 59840K, reserved 1105920K
  class space    used 5844K, committed 6272K, reserved 1048576K
}

Dll operation events (9 events):
Event: 0.002 Loaded shared library /nix/store/gpxl5qgg8kicmcvivwmybwjlpf7wh20l-graalvm17-ce-22.3.0/lib/libjava.so
Event: 0.010 Loaded shared library /nix/store/gpxl5qgg8kicmcvivwmybwjlpf7wh20l-graalvm17-ce-22.3.0/lib/libjsvml.so
Event: 0.220 Loaded shared library /nix/store/gpxl5qgg8kicmcvivwmybwjlpf7wh20l-graalvm17-ce-22.3.0/lib/libnio.so
Event: 0.226 Loaded shared library /nix/store/gpxl5qgg8kicmcvivwmybwjlpf7wh20l-graalvm17-ce-22.3.0/lib/libzip.so
Event: 0.228 Loaded shared library /nix/store/gpxl5qgg8kicmcvivwmybwjlpf7wh20l-graalvm17-ce-22.3.0/lib/libjvmcicompiler.so
Event: 0.568 Loaded shared library /nix/store/gpxl5qgg8kicmcvivwmybwjlpf7wh20l-graalvm17-ce-22.3.0/lib/libjimage.so
Event: 0.975 Loaded shared library /nix/store/gpxl5qgg8kicmcvivwmybwjlpf7wh20l-graalvm17-ce-22.3.0/lib/libnet.so
Event: 3.895 Loaded shared library /home/runner/.cache/jdt-language-server/config/org.eclipse.equinox.launcher/org.eclipse.equinox.launcher.gtk.linux.x86_64_1.2.400.v20211117-0650/eclipse_11600.so
Event: 11.189 Loaded shared library /nix/store/gpxl5qgg8kicmcvivwmybwjlpf7wh20l-graalvm17-ce-22.3.0/lib/libextnet.so

Deoptimization events (20 events):
Event: 467.361 Thread 0x00007f60ec490db0 Uncommon trap: trap_request=0xffffff8f fr.pc=0x00007f60db09eb2c relative=0x0000000000000b6c
Event: 467.361 Thread 0x00007f60ec490db0 Uncommon trap: reason=constraint action=none pc=0x00007f60db09eb2c method=org.eclipse.osgi.internal.loader.classpath.ClasspathManager.findClassImpl(Ljava/lang/String;Lorg/eclipse/osgi/internal/loader/classpath/ClasspathEntry;Ljava/util/List;)Ljava/lang/Cl
Event: 467.361 Thread 0x00007f60ec490db0 DEOPT PACKING pc=0x00007f60db09eb2c sp=0x00007f60973fd880
Event: 467.361 Thread 0x00007f60ec490db0 DEOPT UNPACKING pc=0x00007f60d3505325 sp=0x00007f60973fcd20 mode 3
Event: 471.113 Thread 0x00007f60ec490db0 Uncommon trap: trap_request=0xffffff8f fr.pc=0x00007f60db0a63cc relative=0x000000000000048c
Event: 471.113 Thread 0x00007f60ec490db0 Uncommon trap: reason=constraint action=none pc=0x00007f60db0a63cc method=java.lang.String.concat(Ljava/lang/String;)Ljava/lang/String; @ 0 jvmci
Event: 471.113 Thread 0x00007f60ec490db0 DEOPT PACKING pc=0x00007f60db0a63cc sp=0x00007f60973fd7e0
Event: 471.113 Thread 0x00007f60ec490db0 DEOPT UNPACKING pc=0x00007f60d3505325 sp=0x00007f60973fccb8 mode 3
Event: 476.179 Thread 0x00007f60ec490db0 Uncommon trap: trap_request=0xffffff8f fr.pc=0x00007f60db057b57 relative=0x00000000000001b7
Event: 476.179 Thread 0x00007f60ec490db0 Uncommon trap: reason=constraint action=none pc=0x00007f60db057b57 method=jdk.internal.misc.Unsafe.allocateUninitializedArray(Ljava/lang/Class;I)Ljava/lang/Object; @ 0 jvmci
Event: 476.179 Thread 0x00007f60ec490db0 DEOPT PACKING pc=0x00007f60db057b57 sp=0x00007f60973fd6d0
Event: 476.179 Thread 0x00007f60ec490db0 DEOPT UNPACKING pc=0x00007f60d3505325 sp=0x00007f60973fcb60 mode 3
Event: 483.303 Thread 0x00007f60ec490db0 Uncommon trap: trap_request=0xffffff8f fr.pc=0x00007f60db0573e4 relative=0x00000000000000c4
Event: 483.303 Thread 0x00007f60ec490db0 Uncommon trap: reason=constraint action=none pc=0x00007f60db0573e4 method=java.lang.StringConcatHelper.newString([BJ)Ljava/lang/String; @ 0 jvmci
Event: 483.303 Thread 0x00007f60ec490db0 DEOPT PACKING pc=0x00007f60db0573e4 sp=0x00007f60973fd6d0
Event: 483.303 Thread 0x00007f60ec490db0 DEOPT UNPACKING pc=0x00007f60d3505325 sp=0x00007f60973fcb60 mode 3
Event: 487.327 Thread 0x00007f60804f1da0 Uncommon trap: trap_request=0xffffff8f fr.pc=0x00007f60db098594 relative=0x0000000000000274
Event: 487.327 Thread 0x00007f60804f1da0 Uncommon trap: reason=constraint action=none pc=0x00007f60db098594 method=org.eclipse.jdt.internal.core.index.DiskIndex$IntList.add(I)V @ 0 jvmci
Event: 487.327 Thread 0x00007f60804f1da0 DEOPT PACKING pc=0x00007f60db098594 sp=0x00007f60979fe4a0
Event: 487.327 Thread 0x00007f60804f1da0 DEOPT UNPACKING pc=0x00007f60d3505325 sp=0x00007f60979fd940 mode 3

Classes unloaded (20 events):
Event: 186.103 Thread 0x00007f60ec0a1c10 Unloading class 0x0000000801131400 'jdk/internal/reflect/GeneratedSerializationConstructorAccessor17'
Event: 186.103 Thread 0x00007f60ec0a1c10 Unloading class 0x0000000801131000 'jdk/internal/reflect/GeneratedSerializationConstructorAccessor16'
Event: 186.103 Thread 0x00007f60ec0a1c10 Unloading class 0x0000000801130c00 'jdk/internal/reflect/GeneratedSerializationConstructorAccessor15'
Event: 186.103 Thread 0x00007f60ec0a1c10 Unloading class 0x0000000801130400 'jdk/internal/reflect/GeneratedConstructorAccessor38'
Event: 186.103 Thread 0x00007f60ec0a1c10 Unloading class 0x000000080112dc00 'jdk/internal/reflect/GeneratedSerializationConstructorAccessor14'
Event: 186.103 Thread 0x00007f60ec0a1c10 Unloading class 0x000000080112d800 'jdk/internal/reflect/GeneratedSerializationConstructorAccessor13'
Event: 186.103 Thread 0x00007f60ec0a1c10 Unloading class 0x000000080112d400 'jdk/internal/reflect/GeneratedSerializationConstructorAccessor12'
Event: 186.103 Thread 0x00007f60ec0a1c10 Unloading class 0x000000080112d000 'jdk/internal/reflect/GeneratedMethodAccessor12'
Event: 186.103 Thread 0x00007f60ec0a1c10 Unloading class 0x000000080112c800 'jdk/internal/reflect/GeneratedSerializationConstructorAccessor11'
Event: 186.103 Thread 0x00007f60ec0a1c10 Unloading class 0x000000080112c400 'jdk/internal/reflect/GeneratedSerializationConstructorAccessor10'
Event: 186.103 Thread 0x00007f60ec0a1c10 Unloading class 0x000000080112c000 'jdk/internal/reflect/GeneratedSerializationConstructorAccessor9'
Event: 186.103 Thread 0x00007f60ec0a1c10 Unloading class 0x000000080112b400 'jdk/internal/reflect/GeneratedSerializationConstructorAccessor8'
Event: 186.103 Thread 0x00007f60ec0a1c10 Unloading class 0x000000080109a400 'jdk/internal/reflect/GeneratedSerializationConstructorAccessor2'
Event: 186.103 Thread 0x00007f60ec0a1c10 Unloading class 0x000000080109a000 'jdk/internal/reflect/GeneratedSerializationConstructorAccessor1'
Event: 190.077 Thread 0x00007f60ec0a1c10 Unloading class 0x000000080112b000 'jdk/internal/reflect/GeneratedConstructorAccessor37'
Event: 190.077 Thread 0x00007f60ec0a1c10 Unloading class 0x00000008010f0c00 'jdk/internal/reflect/GeneratedMethodAccessor10'
Event: 190.077 Thread 0x00007f60ec0a1c10 Unloading class 0x00000008010f0800 'jdk/internal/reflect/GeneratedMethodAccessor9'
Event: 190.077 Thread 0x00007f60ec0a1c10 Unloading class 0x00000008010f0400 'jdk/internal/reflect/GeneratedMethodAccessor8'
Event: 190.077 Thread 0x00007f60ec0a1c10 Unloading class 0x00000008010f0000 'jdk/internal/reflect/GeneratedMethodAccessor7'
Event: 195.173 Thread 0x00007f60ec0a1c10 Unloading class 0x000000080112cc00 'jdk/internal/reflect/GeneratedMethodAccessor11'

Classes redefined (0 events):
No events

Internal exceptions (20 events):
Event: 38.754 Thread 0x00007f605c149fa0 Exception <a 'java/lang/NoSuchMethodError'{0x00000000f59fe560}: 'java.lang.Object java.lang.invoke.DirectMethodHandle$Holder.newInvokeSpecial(java.lang.Object, int, java.lang.Object, java.lang.Object, java.lang.Object)'> (0x00000000f59fe560) 
thrown [src/hotspot/share/interpreter/linkResolver.cpp, line 758]
Event: 39.078 Thread 0x00007f605c149fa0 Exception <a 'java/lang/NoSuchMethodError'{0x00000000f597d440}: 'void java.lang.invoke.DirectMethodHandle$Holder.invokeSpecial(java.lang.Object, java.lang.Object, int)'> (0x00000000f597d440) 
thrown [src/hotspot/share/interpreter/linkResolver.cpp, line 758]
Event: 39.870 Thread 0x00007f605c149fa0 Exception <a 'java/lang/NoSuchMethodError'{0x00000000f5c3f108}: 'int java.lang.invoke.DirectMethodHandle$Holder.invokeSpecialIFC(java.lang.Object, java.lang.Object, java.lang.Object, java.lang.Object)'> (0x00000000f5c3f108) 
thrown [src/hotspot/share/interpreter/linkResolver.cpp, line 758]
Event: 306.068 Thread 0x00007f60ec0b21d0 Implicit null exception at 0x00007f60db1e7b95 to 0x00007f60db1e85b7
Event: 441.376 Thread 0x00007f60804f1da0 Exception <a 'java/lang/OutOfMemoryError'{0x00000000e00051a0}> (0x00000000e00051a0) 
thrown [src/hotspot/share/gc/shared/memAllocator.cpp, line 138]
Event: 441.376 Thread 0x00007f60804f1da0 Implicit null exception at 0x00007f60db1461f3 to 0x00007f60db146781
Event: 450.810 Thread 0x00007f60ec490db0 Exception <a 'java/lang/OutOfMemoryError'{0x00000000e0004c00}> (0x00000000e0004c00) 
thrown [src/hotspot/share/gc/shared/memAllocator.cpp, line 138]
Event: 450.810 Thread 0x00007f60ec490db0 Implicit null exception at 0x00007f60daffa2f5 to 0x00007f60daffa2fc
Event: 458.578 Thread 0x00007f60ec490db0 Exception <a 'java/lang/OutOfMemoryError'{0x00000000e0004980}> (0x00000000e0004980) 
thrown [src/hotspot/share/gc/shared/memAllocator.cpp, line 136]
Event: 467.361 Thread 0x00007f60ec490db0 Exception <a 'java/lang/OutOfMemoryError'{0x00000000e0004660}> (0x00000000e0004660) 
thrown [src/hotspot/share/gc/shared/memAllocator.cpp, line 138]
Event: 467.361 Thread 0x00007f60ec490db0 Implicit null exception at 0x00007f60db09e6a5 to 0x00007f60db09eb11
Event: 471.113 Thread 0x00007f60ec490db0 Exception <a 'java/lang/OutOfMemoryError'{0x00000000e0004660}> (0x00000000e0004660) 
thrown [src/hotspot/share/gc/shared/memAllocator.cpp, line 138]
Event: 471.113 Thread 0x00007f60ec490db0 Implicit null exception at 0x00007f60db0a61a6 to 0x00007f60db0a63b1
Event: 476.179 Thread 0x00007f60ec490db0 Exception <a 'java/lang/OutOfMemoryError'{0x00000000e0004660}> (0x00000000e0004660) 
thrown [src/hotspot/share/gc/shared/memAllocator.cpp, line 138]
Event: 476.179 Thread 0x00007f60ec490db0 Implicit null exception at 0x00007f60db057adc to 0x00007f60db057b3c
Event: 483.303 Thread 0x00007f60ec490db0 Exception <a 'java/lang/OutOfMemoryError'{0x00000000e0004660}> (0x00000000e0004660) 
thrown [src/hotspot/share/gc/shared/memAllocator.cpp, line 138]
Event: 483.303 Thread 0x00007f60ec490db0 Implicit null exception at 0x00007f60db0573a9 to 0x00007f60db0573c9
Event: 487.327 Thread 0x00007f60804f1da0 Exception <a 'java/lang/OutOfMemoryError'{0x00000000e0004660}> (0x00000000e0004660) 
thrown [src/hotspot/share/gc/shared/memAllocator.cpp, line 138]
Event: 487.327 Thread 0x00007f60804f1da0 Implicit null exception at 0x00007f60db0984ed to 0x00007f60db098579
Event: 497.857 Thread 0x00007f60ec0b21d0 Exception <a 'java/lang/OutOfMemoryError'{0x00000000e0004980}> (0x00000000e0004980) 
thrown [src/hotspot/share/gc/shared/memAllocator.cpp, line 136]

VM Operations (20 events):
Event: 464.306 Executing VM operation: ParallelGCFailedAllocation
Event: 467.360 Executing VM operation: ParallelGCFailedAllocation done
Event: 467.361 Executing VM operation: ParallelGCFailedAllocation
Event: 471.113 Executing VM operation: ParallelGCFailedAllocation done
Event: 471.113 Executing VM operation: ParallelGCFailedAllocation
Event: 476.179 Executing VM operation: ParallelGCFailedAllocation done
Event: 476.179 Executing VM operation: ParallelGCFailedAllocation
Event: 478.880 Executing VM operation: ParallelGCFailedAllocation done
Event: 478.880 Executing VM operation: ParallelGCFailedAllocation
Event: 483.303 Executing VM operation: ParallelGCFailedAllocation done
Event: 483.303 Executing VM operation: ParallelGCFailedAllocation
Event: 487.327 Executing VM operation: ParallelGCFailedAllocation done
Event: 487.327 Executing VM operation: ParallelGCFailedAllocation
Event: 489.464 Executing VM operation: ParallelGCFailedAllocation done
Event: 489.466 Executing VM operation: ParallelGCFailedAllocation
Event: 491.562 Executing VM operation: ParallelGCFailedAllocation done
Event: 491.563 Executing VM operation: ParallelGCFailedAllocation
Event: 493.513 Executing VM operation: ParallelGCFailedAllocation done
Event: 493.513 Executing VM operation: ParallelGCFailedAllocation
Event: 497.857 Executing VM operation: ParallelGCFailedAllocation done

Events (20 events):
Event: 54.157 Thread 0x00007f60ec0b4b30 flushing nmethod 0x00007f60d48a0810
Event: 54.157 Thread 0x00007f60ec0b4b30 flushing nmethod 0x00007f60d48b4690
Event: 54.157 Thread 0x00007f60ec0b4b30 flushing nmethod 0x00007f60d48d2310
Event: 54.157 Thread 0x00007f60ec0b4b30 flushing nmethod 0x00007f60d48df610
Event: 61.577 Thread 0x00007f60ec1f75a0 Thread exited: 0x00007f60ec1f75a0
Event: 87.767 Thread 0x00007f604c0032a0 Thread exited: 0x00007f604c0032a0
Event: 98.602 Thread 0x00007f605401a350 Thread exited: 0x00007f605401a350
Event: 102.599 Thread 0x00007f60500e43b0 Thread exited: 0x00007f60500e43b0
Event: 106.901 Thread 0x00007f606c001ca0 Thread exited: 0x00007f606c001ca0
Event: 106.901 Thread 0x00007f6054000ff0 Thread exited: 0x00007f6054000ff0
Event: 165.106 Thread 0x00007f6050000ff0 Thread exited: 0x00007f6050000ff0
Event: 342.295 loading class java/io/InterruptedIOException
Event: 344.720 loading class java/io/InterruptedIOException done
Event: 344.720 loading class javax/net/ssl/SSLException
Event: 352.062 loading class javax/net/ssl/SSLException done
Event: 352.062 loading class java/lang/AssertionError
Event: 356.079 loading class java/lang/AssertionError done
Event: 375.896 Thread 0x00007f6048440700 Thread exited: 0x00007f6048440700
Event: 382.913 Thread 0x00007f604c001dd0 Thread exited: 0x00007f604c001dd0
Event: 415.492 Thread 0x00007f6048441550 Thread exited: 0x00007f6048441550


Dynamic libraries:
e0000000-f5580000 rw-p 00000000 00:00 0 
f5580000-f7180000 rw-p 00000000 00:00 0 
f7180000-100000000 ---p 00000000 00:00 0 
800000000-800449000 rw-p 00001000 00:1d67 4611686019135357769            /nix/store/gpxl5qgg8kicmcvivwmybwjlpf7wh20l-graalvm17-ce-22.3.0/lib/server/classes.jsa
800449000-800bc8000 r--p 0044a000 00:1d67 4611686019135357769            /nix/store/gpxl5qgg8kicmcvivwmybwjlpf7wh20l-graalvm17-ce-22.3.0/lib/server/classes.jsa
800bc8000-800c00000 ---p 00000000 00:00 0 
800c00000-800c20000 rw-p 00000000 00:00 0 
800c20000-800c40000 rw-p 00000000 00:00 0 
800c40000-800cc0000 rw-p 00000000 00:00 0 
800cc0000-800d00000 rw-p 00000000 00:00 0 
800d00000-800dc0000 rw-p 00000000 00:00 0 
800dc0000-800e00000 rw-p 00000000 00:00 0 
800e00000-800f40000 rw-p 00000000 00:00 0 
800f40000-800fc0000 rw-p 00000000 00:00 0 
800fc0000-800ff0000 rw-p 00000000 00:00 0 
800ff0000-801000000 ---p 00000000 00:00 0 
801000000-801230000 rw-p 00000000 00:00 0 
801230000-840c00000 ---p 00000000 00:00 0 
560df09eb000-560df09ec000 r-xp 00000000 00:1d67 4611686019099417844      /nix/store/gpxl5qgg8kicmcvivwmybwjlpf7wh20l-graalvm17-ce-22.3.0/bin/.java-wrapped
560df09ed000-560df09ee000 r--p 00001000 00:1d67 4611686019099417844      /nix/store/gpxl5qgg8kicmcvivwmybwjlpf7wh20l-graalvm17-ce-22.3.0/bin/.java-wrapped
560df09ee000-560df09ef000 rw-p 00002000 00:1d67 4611686019099417844      /nix/store/gpxl5qgg8kicmcvivwmybwjlpf7wh20l-graalvm17-ce-22.3.0/bin/.java-wrapped
560df09ef000-560df09f0000 rw-p 00004000 00:1d67 4611686019099417844      /nix/store/gpxl5qgg8kicmcvivwmybwjlpf7wh20l-graalvm17-ce-22.3.0/bin/.java-wrapped
560df09f0000-560df09f1000 rw-p 00005000 00:1d67 4611686019099417844      /nix/store/gpxl5qgg8kicmcvivwmybwjlpf7wh20l-graalvm17-ce-22.3.0/bin/.java-wrapped
560df1f2a000-560df1f72000 rw-p 00000000 00:00 0                          [heap]
7f6020000000-7f602021c000 rw-p 00000000 00:00 0 
7f602021c000-7f6024000000 ---p 00000000 00:00 0 
7f6028000000-7f6028021000 rw-p 00000000 00:00 0 
7f6028021000-7f602c000000 ---p 00000000 00:00 0 
7f602c000000-7f602c044000 rw-p 00000000 00:00 0 
7f602c044000-7f6030000000 ---p 00000000 00:00 0 
7f6030000000-7f6030021000 rw-p 00000000 00:00 0 
7f6030021000-7f6034000000 ---p 00000000 00:00 0 
7f6034000000-7f6034021000 rw-p 00000000 00:00 0 
7f6034021000-7f6038000000 ---p 00000000 00:00 0 
7f6038000000-7f6038021000 rw-p 00000000 00:00 0 
7f6038021000-7f603c000000 ---p 00000000 00:00 0 
7f603e4b3000-7f6048000000 r--s 00000000 00:1d67 4611686019135192581      /nix/store/gpxl5qgg8kicmcvivwmybwjlpf7wh20l-graalvm17-ce-22.3.0/lib/modules
7f6048000000-7f6048518000 rw-p 00000000 00:00 0 
7f6048518000-7f604c000000 ---p 00000000 00:00 0 
7f604c000000-7f604c021000 rw-p 00000000 00:00 0 
7f604c021000-7f6050000000 ---p 00000000 00:00 0 
7f6050000000-7f605010e000 rw-p 00000000 00:00 0 
7f605010e000-7f6054000000 ---p 00000000 00:00 0 
7f6054000000-7f605402f000 rw-p 00000000 00:00 0 
7f605402f000-7f6058000000 ---p 00000000 00:00 0 
7f6058000000-7f6058021000 rw-p 00000000 00:00 0 
7f6058021000-7f605c000000 ---p 00000000 00:00 0 
7f605c000000-7f605c170000 rw-p 00000000 00:00 0 
7f605c170000-7f6060000000 ---p 00000000 00:00 0 
7f6060000000-7f6060069000 rw-p 00000000 00:00 0 
7f6060069000-7f6064000000 ---p 00000000 00:00 0 
7f6064000000-7f6064021000 rw-p 00000000 00:00 0 
7f6064021000-7f6068000000 ---p 00000000 00:00 0 
7f6068000000-7f6068335000 rw-p 00000000 00:00 0 
7f6068335000-7f606c000000 ---p 00000000 00:00 0 
7f606c000000-7f606c03d000 rw-p 00000000 00:00 0 
7f606c03d000-7f6070000000 ---p 00000000 00:00 0 
7f6070000000-7f6070021000 rw-p 00000000 00:00 0 
7f6070021000-7f6074000000 ---p 00000000 00:00 0 
7f6074000000-7f6074021000 rw-p 00000000 00:00 0 
7f6074021000-7f6078000000 ---p 00000000 00:00 0 
7f6078000000-7f6078021000 rw-p 00000000 00:00 0 
7f6078021000-7f607c000000 ---p 00000000 00:00 0 
7f607c000000-7f607c510000 rw-p 00000000 00:00 0 
7f607c510000-7f607c800000 ---p 00000000 00:00 0 
7f607d000000-7f607d500000 rw-p 00000000 00:00 0 
7f607d500000-7f607d540000 rw-p 00000000 00:00 0 
7f607d540000-7f607d600000 ---p 00000000 00:00 0 
7f607d600000-7f607d800000 rw-p 00000000 00:00 0 
7f607dc00000-7f607e100000 rw-p 00000000 00:00 0 
7f607e100000-7f607e200000 rw-p 00000000 00:00 0 
7f607e200000-7f607e400000 rw-p 00000000 00:00 0 
7f607e400000-7f607e500000 rw-p 00000000 00:00 0 
7f607e500000-7f607e700000 rw-p 00000000 00:00 0 
7f607e700000-7f607e900000 rw-p 00000000 00:00 0 
7f607e900000-7f607ea00000 rw-p 00000000 00:00 0 
7f607ea00000-7f607ec00000 rw-p 00000000 00:00 0 
7f607ec00000-7f607ed00000 rw-p 00000000 00:00 0 
7f607ed00000-7f607ee00000 rw-p 00000000 00:00 0 
7f607ee00000-7f607f300000 rw-p 00000000 00:00 0 
7f607f300000-7f607f400000 rw-p 00000000 00:00 0 
7f607f400000-7f607f500000 rw-p 00000000 00:00 0 
7f607f500000-7f607f600000 rw-p 00000000 00:00 0 
7f607f600000-7f607f900000 rw-p 00000000 00:00 0 
7f607f900000-7f607fa00000 rw-p 00000000 00:00 0 
7f607fa00000-7f607fc00000 rw-p 00000000 00:00 0 
7f6080000000-7f608092a000 rw-p 00000000 00:00 0 
7f608092a000-7f6084000000 ---p 00000000 00:00 0 
7f6084000000-7f6084026000 rw-p 00000000 00:00 0 
7f6084026000-7f6088000000 ---p 00000000 00:00 0 
7f6088000000-7f6088021000 rw-p 00000000 00:00 0 
7f6088021000-7f608c000000 ---p 00000000 00:00 0 
7f608c000000-7f608c021000 rw-p 00000000 00:00 0 
7f608c021000-7f6090000000 ---p 00000000 00:00 0 
7f6090000000-7f6090021000 rw-p 00000000 00:00 0 
7f6090021000-7f6094000000 ---p 00000000 00:00 0 
7f6094600000-7f6094610000 r-xp 00000000 00:1d64 366                      /home/runner/.cache/jdt-language-server/config/org.eclipse.equinox.launcher/org.eclipse.equinox.launcher.gtk.linux.x86_64_1.2.400.v20211117-0650/eclipse_11600.so
7f6094610000-7f609480f000 ---p 00010000 00:1d64 366                      /home/runner/.cache/jdt-language-server/config/org.eclipse.equinox.launcher/org.eclipse.equinox.launcher.gtk.linux.x86_64_1.2.400.v20211117-0650/eclipse_11600.so
7f609480f000-7f6094810000 r--p 0000f000 00:1d64 366                      /home/runner/.cache/jdt-language-server/config/org.eclipse.equinox.launcher/org.eclipse.equinox.launcher.gtk.linux.x86_64_1.2.400.v20211117-0650/eclipse_11600.so
7f6094810000-7f6094811000 rw-p 00010000 00:1d64 366                      /home/runner/.cache/jdt-language-server/config/org.eclipse.equinox.launcher/org.eclipse.equinox.launcher.gtk.linux.x86_64_1.2.400.v20211117-0650/eclipse_11600.so
7f6095500000-7f6095600000 ---p 00000000 00:00 0 
7f6095600000-7f6095baf000 r--p 01122000 00:1d67 4611686019135190040      /nix/store/gpxl5qgg8kicmcvivwmybwjlpf7wh20l-graalvm17-ce-22.3.0/lib/libjvmcicompiler.so
7f6095baf000-7f6095d00000 r--p 00000000 00:00 0 
7f6095d00000-7f6095d3d000 rw-p 00000000 00:00 0 
7f6095d3d000-7f609625d000 rw-p 0185f000 00:1d67 4611686019135190040      /nix/store/gpxl5qgg8kicmcvivwmybwjlpf7wh20l-graalvm17-ce-22.3.0/lib/libjvmcicompiler.so
7f609625d000-7f6096644000 r--p 01d7f000 00:1d67 4611686019135190040      /nix/store/gpxl5qgg8kicmcvivwmybwjlpf7wh20l-graalvm17-ce-22.3.0/lib/libjvmcicompiler.so
7f6096700000-7f6096704000 ---p 00000000 00:00 0 
7f6096704000-7f6096800000 rw-p 00000000 00:00 0 
7f6096900000-7f6096904000 ---p 00000000 00:00 0 
7f6096904000-7f6096a00000 rw-p 00000000 00:00 0 
7f6096b00000-7f6096b04000 ---p 00000000 00:00 0 
7f6096b04000-7f6096c00000 rw-p 00000000 00:00 0 
7f6096d00000-7f6096d04000 ---p 00000000 00:00 0 
7f6096d04000-7f6096e00000 rw-p 00000000 00:00 0 
7f6096f00000-7f6096f04000 ---p 00000000 00:00 0 
7f6096f04000-7f6097000000 rw-p 00000000 00:00 0 
7f6097100000-7f6097104000 ---p 00000000 00:00 0 
7f6097104000-7f6097200000 rw-p 00000000 00:00 0 
7f6097200000-7f6097204000 ---p 00000000 00:00 0 
7f6097204000-7f6097300000 rw-p 00000000 00:00 0 
7f6097300000-7f6097304000 ---p 00000000 00:00 0 
7f6097304000-7f6097400000 rw-p 00000000 00:00 0 
7f6097500000-7f6097504000 ---p 00000000 00:00 0 
7f6097504000-7f6097600000 rw-p 00000000 00:00 0 
7f6097600000-7f6097604000 ---p 00000000 00:00 0 
7f6097604000-7f6097700000 rw-p 00000000 00:00 0 
7f6097700000-7f6097704000 ---p 00000000 00:00 0 
7f6097704000-7f6097800000 rw-p 00000000 00:00 0 
7f6097900000-7f6097904000 ---p 00000000 00:00 0 
7f6097904000-7f6097a00000 rw-p 00000000 00:00 0 
7f6097b00000-7f6097b04000 ---p 00000000 00:00 0 
7f6097b04000-7f6097c00000 rw-p 00000000 00:00 0 
7f6097c00000-7f6097c04000 ---p 00000000 00:00 0 
7f6097c04000-7f6097d00000 rw-p 00000000 00:00 0 
7f6097d00000-7f6097d04000 ---p 00000000 00:00 0 
7f6097d04000-7f6097e00000 rw-p 00000000 00:00 0 
7f6097e00000-7f6097e04000 ---p 00000000 00:00 0 
7f6097e04000-7f6097f00000 rw-p 00000000 00:00 0 
7f6097f00000-7f6097f04000 ---p 00000000 00:00 0 
7f6097f04000-7f6098000000 rw-p 00000000 00:00 0 
7f6098000000-7f6098021000 rw-p 00000000 00:00 0 
7f6098021000-7f609c000000 ---p 00000000 00:00 0 
7f609c000000-7f609c021000 rw-p 00000000 00:00 0 
7f609c021000-7f60a0004000 ---p 00000000 00:00 0 
7f60a0004000-7f60a0100000 rw-p 00000000 00:00 0 
7f60a0100000-7f60a0104000 ---p 00000000 00:00 0 
7f60a0104000-7f60a0200000 rw-p 00000000 00:00 0 
7f60a0300000-7f60a0304000 ---p 00000000 00:00 0 
7f60a0304000-7f60a0400000 rw-p 00000000 00:00 0 
7f60a0500000-7f60a0504000 ---p 00000000 00:00 0 
7f60a0504000-7f60a0600000 rw-p 00000000 00:00 0 
7f60a0700000-7f60a0704000 ---p 00000000 00:00 0 
7f60a0704000-7f60a0800000 rw-p 00000000 00:00 0 
7f60a1468000-7f60a1900000 rw-p 00000000 00:00 0 
7f60a1a00000-7f60a3b6a000 r-xp 00000000 00:1d67 4611686019135190040      /nix/store/gpxl5qgg8kicmcvivwmybwjlpf7wh20l-graalvm17-ce-22.3.0/lib/libjvmcicompiler.so
7f60a3b6a000-7f60a3d69000 ---p 0216a000 00:1d67 4611686019135190040      /nix/store/gpxl5qgg8kicmcvivwmybwjlpf7wh20l-graalvm17-ce-22.3.0/lib/libjvmcicompiler.so
7f60a3d69000-7f60a3d6a000 r--p 02169000 00:1d67 4611686019135190040      /nix/store/gpxl5qgg8kicmcvivwmybwjlpf7wh20l-graalvm17-ce-22.3.0/lib/libjvmcicompiler.so
7f60a3d6a000-7f60a3d6c000 rw-p 0216a000 00:1d67 4611686019135190040      /nix/store/gpxl5qgg8kicmcvivwmybwjlpf7wh20l-graalvm17-ce-22.3.0/lib/libjvmcicompiler.so
7f60a3d6c000-7f60a3d6d000 rw-p 00000000 00:00 0 
7f60a3d6d000-7f60a3d72000 rw-p 023c3000 00:1d67 4611686019135190040      /nix/store/gpxl5qgg8kicmcvivwmybwjlpf7wh20l-graalvm17-ce-22.3.0/lib/libjvmcicompiler.so
7f60a3dc1000-7f60a3dc5000 ---p 00000000 00:00 0 
7f60a3dc5000-7f60a3ec1000 rw-p 00000000 00:00 0 
7f60a3ec1000-7f60a3ec5000 ---p 00000000 00:00 0 
7f60a3ec5000-7f60a3ee3000 rw-p 00000000 00:00 0 
7f60a3ee3000-7f60a3ef8000 r-xp 00000000 00:1d67 4611686019135192570      /nix/store/gpxl5qgg8kicmcvivwmybwjlpf7wh20l-graalvm17-ce-22.3.0/lib/libnet.so
7f60a3ef8000-7f60a3ef9000 ---p 00015000 00:1d67 4611686019135192570      /nix/store/gpxl5qgg8kicmcvivwmybwjlpf7wh20l-graalvm17-ce-22.3.0/lib/libnet.so
7f60a3ef9000-7f60a3efa000 r--p 00015000 00:1d67 4611686019135192570      /nix/store/gpxl5qgg8kicmcvivwmybwjlpf7wh20l-graalvm17-ce-22.3.0/lib/libnet.so
7f60a3efa000-7f60a3efb000 rw-p 00016000 00:1d67 4611686019135192570      /nix/store/gpxl5qgg8kicmcvivwmybwjlpf7wh20l-graalvm17-ce-22.3.0/lib/libnet.so
7f60a3efb000-7f60a3efe000 rw-p 0001b000 00:1d67 4611686019135192570      /nix/store/gpxl5qgg8kicmcvivwmybwjlpf7wh20l-graalvm17-ce-22.3.0/lib/libnet.so
7f60a3efe000-7f60a3eff000 ---p 00000000 00:00 0 
7f60a3eff000-7f60a4000000 rw-p 00000000 00:00 0 
7f60a4000000-7f60a4021000 rw-p 00000000 00:00 0 
7f60a4021000-7f60a8000000 ---p 00000000 00:00 0 
7f60a8000000-7f60a8021000 rw-p 00000000 00:00 0 
7f60a8021000-7f60ac000000 ---p 00000000 00:00 0 
7f60ac000000-7f60ac0c8000 rw-p 00000000 00:00 0 
7f60ac0c8000-7f60b0000000 ---p 00000000 00:00 0 
7f60b0000000-7f60b0884000 rw-p 00000000 00:00 0 
7f60b0884000-7f60b4000000 ---p 00000000 00:00 0 
7f60b4000000-7f60b4021000 rw-p 00000000 00:00 0 
7f60b4021000-7f60b8000000 ---p 00000000 00:00 0 
7f60b8000000-7f60b8021000 rw-p 00000000 00:00 0 
7f60b8021000-7f60bc000000 ---p 00000000 00:00 0 
7f60bc000000-7f60bc021000 rw-p 00000000 00:00 0 
7f60bc021000-7f60c0000000 ---p 00000000 00:00 0 
7f60c0000000-7f60c0021000 rw-p 00000000 00:00 0 
7f60c0021000-7f60c4000000 ---p 00000000 00:00 0 
7f60c4000000-7f60c4021000 rw-p 00000000 00:00 0 
7f60c4021000-7f60c8000000 ---p 00000000 00:00 0 
7f60c8000000-7f60c8021000 rw-p 00000000 00:00 0 
7f60c8021000-7f60cc000000 ---p 00000000 00:00 0 
7f60cc000000-7f60cc054000 rw-p 00000000 00:00 0 
7f60cc054000-7f60d0000000 ---p 00000000 00:00 0 
7f60d0018000-7f60d001c000 ---p 00000000 00:00 0 
7f60d001c000-7f60d0118000 rw-p 00000000 00:00 0 
7f60d0118000-7f60d011c000 ---p 00000000 00:00 0 
7f60d011c000-7f60d0218000 rw-p 00000000 00:00 0 
7f60d0218000-7f60d021c000 ---p 00000000 00:00 0 
7f60d021c000-7f60d0318000 rw-p 00000000 00:00 0 
7f60d0318000-7f60d031c000 ---p 00000000 00:00 0 
7f60d031c000-7f60d0518000 rw-p 00000000 00:00 0 
7f60d0518000-7f60d051c000 ---p 00000000 00:00 0 
7f60d051c000-7f60d0718000 rw-p 00000000 00:00 0 
7f60d0718000-7f60d071c000 ---p 00000000 00:00 0 
7f60d071c000-7f60d0818000 rw-p 00000000 00:00 0 
7f60d0818000-7f60d081c000 ---p 00000000 00:00 0 
7f60d081c000-7f60d0918000 rw-p 00000000 00:00 0 
7f60d0918000-7f60d091c000 ---p 00000000 00:00 0 
7f60d091c000-7f60d0a18000 rw-p 00000000 00:00 0 
7f60d0a18000-7f60d0cfe000 r--p 00000000 00:23e2 28444448                 /usr/lib/locale/locale-archive
7f60d0cfe000-7f60d0d02000 ---p 00000000 00:00 0 
7f60d0d02000-7f60d0dfe000 rw-p 00000000 00:00 0 
7f60d0dfe000-7f60d0e02000 ---p 00000000 00:00 0 
7f60d0e02000-7f60d0efe000 rw-p 00000000 00:00 0 
7f60d0efe000-7f60d0eff000 ---p 00000000 00:00 0 
7f60d0eff000-7f60d1400000 rw-p 00000000 00:00 0 
7f60d1400000-7f60d1700000 rw-p 00000000 00:00 0 
7f60d1700000-7f60d1800000 rw-p 00000000 00:00 0 
7f60d1801000-7f60d1808000 r-xp 00000000 00:1d67 4611686019135192580      /nix/store/gpxl5qgg8kicmcvivwmybwjlpf7wh20l-graalvm17-ce-22.3.0/lib/libzip.so
7f60d1808000-7f60d1809000 ---p 00007000 00:1d67 4611686019135192580      /nix/store/gpxl5qgg8kicmcvivwmybwjlpf7wh20l-graalvm17-ce-22.3.0/lib/libzip.so
7f60d1809000-7f60d180a000 r--p 00007000 00:1d67 4611686019135192580      /nix/store/gpxl5qgg8kicmcvivwmybwjlpf7wh20l-graalvm17-ce-22.3.0/lib/libzip.so
7f60d180a000-7f60d180b000 rw-p 00008000 00:1d67 4611686019135192580      /nix/store/gpxl5qgg8kicmcvivwmybwjlpf7wh20l-graalvm17-ce-22.3.0/lib/libzip.so
7f60d180b000-7f60d180d000 rw-p 0000b000 00:1d67 4611686019135192580      /nix/store/gpxl5qgg8kicmcvivwmybwjlpf7wh20l-graalvm17-ce-22.3.0/lib/libzip.so
7f60d180d000-7f60d1820000 r-xp 00000000 00:1d67 4611686019135192571      /nix/store/gpxl5qgg8kicmcvivwmybwjlpf7wh20l-graalvm17-ce-22.3.0/lib/libnio.so
7f60d1820000-7f60d1821000 r--p 00012000 00:1d67 4611686019135192571      /nix/store/gpxl5qgg8kicmcvivwmybwjlpf7wh20l-graalvm17-ce-22.3.0/lib/libnio.so
7f60d1821000-7f60d1822000 rw-p 00013000 00:1d67 4611686019135192571      /nix/store/gpxl5qgg8kicmcvivwmybwjlpf7wh20l-graalvm17-ce-22.3.0/lib/libnio.so
7f60d1822000-7f60d1827000 rw-p 00019000 00:1d67 4611686019135192571      /nix/store/gpxl5qgg8kicmcvivwmybwjlpf7wh20l-graalvm17-ce-22.3.0/lib/libnio.so
7f60d1827000-7f60d18f5000 r-xp 00000000 00:1d67 4611686019135190036      /nix/store/gpxl5qgg8kicmcvivwmybwjlpf7wh20l-graalvm17-ce-22.3.0/lib/libjsvml.so
7f60d18f5000-7f60d18f6000 r--p 000cd000 00:1d67 4611686019135190036      /nix/store/gpxl5qgg8kicmcvivwmybwjlpf7wh20l-graalvm17-ce-22.3.0/lib/libjsvml.so
7f60d18f6000-7f60d18f7000 rw-p 000ce000 00:1d67 4611686019135190036      /nix/store/gpxl5qgg8kicmcvivwmybwjlpf7wh20l-graalvm17-ce-22.3.0/lib/libjsvml.so
7f60d18f7000-7f60d31c5000 rw-p 00000000 00:00 0 
7f60d31c5000-7f60d31c6000 ---p 00000000 00:00 0 
7f60d31c6000-7f60d3371000 rw-p 00000000 00:00 0 
7f60d3371000-7f60d3380000 rw-p 00000000 00:00 0 
7f60d3380000-7f60d33c7000 ---p 00000000 00:00 0 
7f60d33c7000-7f60d33cd000 rw-p 00000000 00:00 0 
7f60d33cd000-7f60d34b3000 ---p 00000000 00:00 0 
7f60d34b3000-7f60d3723000 rwxp 00000000 00:00 0 
7f60d3723000-7f60d3a42000 ---p 00000000 00:00 0 
7f60d3a42000-7f60d4902000 rwxp 00000000 00:00 0 
7f60d4902000-7f60daf7a000 ---p 00000000 00:00 0 
7f60daf7a000-7f60db1fa000 rwxp 00000000 00:00 0 
7f60db1fa000-7f60e24b3000 ---p 00000000 00:00 0 
7f60e24b3000-7f60ec000000 r--s 00000000 00:1d67 4611686019135192581      /nix/store/gpxl5qgg8kicmcvivwmybwjlpf7wh20l-graalvm17-ce-22.3.0/lib/modules
7f60ec000000-7f60ec603000 rw-p 00000000 00:00 0 
7f60ec603000-7f60f0000000 ---p 00000000 00:00 0 
7f60f0002000-7f60f0004000 r-xp 00000000 00:1d67 4611686019135190017      /nix/store/gpxl5qgg8kicmcvivwmybwjlpf7wh20l-graalvm17-ce-22.3.0/lib/libextnet.so
7f60f0004000-7f60f0005000 r--p 00001000 00:1d67 4611686019135190017      /nix/store/gpxl5qgg8kicmcvivwmybwjlpf7wh20l-graalvm17-ce-22.3.0/lib/libextnet.so
7f60f0005000-7f60f0006000 rw-p 00002000 00:1d67 4611686019135190017      /nix/store/gpxl5qgg8kicmcvivwmybwjlpf7wh20l-graalvm17-ce-22.3.0/lib/libextnet.so
7f60f0006000-7f60f0007000 rw-p 00004000 00:1d67 4611686019135190017      /nix/store/gpxl5qgg8kicmcvivwmybwjlpf7wh20l-graalvm17-ce-22.3.0/lib/libextnet.so
7f60f0007000-7f60f002f000 rw-p 00000000 00:00 0 
7f60f002f000-7f60f00fc000 ---p 00000000 00:00 0 
7f60f00fc000-7f60f0101000 rw-p 00000000 00:00 0 
7f60f0101000-7f60f0108000 ---p 00000000 00:00 0 
7f60f0108000-7f60f012c000 r-xp 00000000 00:1d67 4611686019135190028      /nix/store/gpxl5qgg8kicmcvivwmybwjlpf7wh20l-graalvm17-ce-22.3.0/lib/libjava.so
7f60f012c000-7f60f012d000 ---p 00024000 00:1d67 4611686019135190028      /nix/store/gpxl5qgg8kicmcvivwmybwjlpf7wh20l-graalvm17-ce-22.3.0/lib/libjava.so
7f60f012d000-7f60f012e000 r--p 00024000 00:1d67 4611686019135190028      /nix/store/gpxl5qgg8kicmcvivwmybwjlpf7wh20l-graalvm17-ce-22.3.0/lib/libjava.so
7f60f012e000-7f60f012f000 rw-p 00025000 00:1d67 4611686019135190028      /nix/store/gpxl5qgg8kicmcvivwmybwjlpf7wh20l-graalvm17-ce-22.3.0/lib/libjava.so
7f60f012f000-7f60f0130000 rw-p 00000000 00:00 0 
7f60f0130000-7f60f0137000 rw-p 0002f000 00:1d67 4611686019135190028      /nix/store/gpxl5qgg8kicmcvivwmybwjlpf7wh20l-graalvm17-ce-22.3.0/lib/libjava.so
7f60f0137000-7f60f013f000 rw-s 00000000 00:23dd 363                      /tmp/hsperfdata_runner/28
7f60f013f000-7f60f0140000 ---p 00000000 00:00 0 
7f60f0140000-7f60f0141000 r--p 00000000 00:00 0 
7f60f0141000-7f60f0142000 rwxp 00000000 00:00 0 
7f60f0142000-7f60f015d000 r-xp 00000000 00:1d67 4611686019135190032      /nix/store/gpxl5qgg8kicmcvivwmybwjlpf7wh20l-graalvm17-ce-22.3.0/lib/libjimage.so
7f60f015d000-7f60f015e000 ---p 0001b000 00:1d67 4611686019135190032      /nix/store/gpxl5qgg8kicmcvivwmybwjlpf7wh20l-graalvm17-ce-22.3.0/lib/libjimage.so
7f60f015e000-7f60f0160000 r--p 0001b000 00:1d67 4611686019135190032      /nix/store/gpxl5qgg8kicmcvivwmybwjlpf7wh20l-graalvm17-ce-22.3.0/lib/libjimage.so
7f60f0160000-7f60f0161000 rw-p 0001d000 00:1d67 4611686019135190032      /nix/store/gpxl5qgg8kicmcvivwmybwjlpf7wh20l-graalvm17-ce-22.3.0/lib/libjimage.so
7f60f0161000-7f60f0162000 rw-p 00024000 00:1d67 4611686019135190032      /nix/store/gpxl5qgg8kicmcvivwmybwjlpf7wh20l-graalvm17-ce-22.3.0/lib/libjimage.so
7f60f0162000-7f60f0166000 ---p 00000000 00:00 0 
7f60f0166000-7f60f0262000 rw-p 00000000 00:00 0 
7f60f0262000-7f60f0270000 r--p 00000000 00:1d67 4611686019027979927      /nix/store/4nlgxhb09sdr51nc9hdm8az5b08vzkgx-glibc-2.35-163/lib/libm.so.6
7f60f0270000-7f60f02e3000 r-xp 0000e000 00:1d67 4611686019027979927      /nix/store/4nlgxhb09sdr51nc9hdm8az5b08vzkgx-glibc-2.35-163/lib/libm.so.6
7f60f02e3000-7f60f0340000 r--p 00081000 00:1d67 4611686019027979927      /nix/store/4nlgxhb09sdr51nc9hdm8az5b08vzkgx-glibc-2.35-163/lib/libm.so.6
7f60f0340000-7f60f0341000 r--p 000dd000 00:1d67 4611686019027979927      /nix/store/4nlgxhb09sdr51nc9hdm8az5b08vzkgx-glibc-2.35-163/lib/libm.so.6
7f60f0341000-7f60f0342000 rw-p 000de000 00:1d67 4611686019027979927      /nix/store/4nlgxhb09sdr51nc9hdm8az5b08vzkgx-glibc-2.35-163/lib/libm.so.6
7f60f0342000-7f60f0343000 r--p 00000000 00:1d67 4611686019027979946      /nix/store/4nlgxhb09sdr51nc9hdm8az5b08vzkgx-glibc-2.35-163/lib/librt.so.1
7f60f0343000-7f60f0344000 r-xp 00001000 00:1d67 4611686019027979946      /nix/store/4nlgxhb09sdr51nc9hdm8az5b08vzkgx-glibc-2.35-163/lib/librt.so.1
7f60f0344000-7f60f0345000 r--p 00002000 00:1d67 4611686019027979946      /nix/store/4nlgxhb09sdr51nc9hdm8az5b08vzkgx-glibc-2.35-163/lib/librt.so.1
7f60f0345000-7f60f0346000 r--p 00002000 00:1d67 4611686019027979946      /nix/store/4nlgxhb09sdr51nc9hdm8az5b08vzkgx-glibc-2.35-163/lib/librt.so.1
7f60f0346000-7f60f0347000 rw-p 00003000 00:1d67 4611686019027979946      /nix/store/4nlgxhb09sdr51nc9hdm8az5b08vzkgx-glibc-2.35-163/lib/librt.so.1
7f60f0347000-7f60f145a000 r-xp 00000000 00:1d67 4611686019135360866      /nix/store/gpxl5qgg8kicmcvivwmybwjlpf7wh20l-graalvm17-ce-22.3.0/lib/server/libjvm.so
7f60f145a000-7f60f145b000 ---p 01113000 00:1d67 4611686019135360866      /nix/store/gpxl5qgg8kicmcvivwmybwjlpf7wh20l-graalvm17-ce-22.3.0/lib/server/libjvm.so
7f60f145b000-7f60f1510000 r--p 01113000 00:1d67 4611686019135360866      /nix/store/gpxl5qgg8kicmcvivwmybwjlpf7wh20l-graalvm17-ce-22.3.0/lib/server/libjvm.so
7f60f1510000-7f60f1544000 rw-p 011c8000 00:1d67 4611686019135360866      /nix/store/gpxl5qgg8kicmcvivwmybwjlpf7wh20l-graalvm17-ce-22.3.0/lib/server/libjvm.so
7f60f1544000-7f60f15a0000 rw-p 00000000 00:00 0 
7f60f15a0000-7f60f15c8000 r--p 00000000 00:1d67 4611686019027979918      /nix/store/4nlgxhb09sdr51nc9hdm8az5b08vzkgx-glibc-2.35-163/lib/libc.so.6
7f60f15c8000-7f60f173e000 r-xp 00028000 00:1d67 4611686019027979918      /nix/store/4nlgxhb09sdr51nc9hdm8az5b08vzkgx-glibc-2.35-163/lib/libc.so.6
7f60f173e000-7f60f1796000 r--p 0019e000 00:1d67 4611686019027979918      /nix/store/4nlgxhb09sdr51nc9hdm8az5b08vzkgx-glibc-2.35-163/lib/libc.so.6
7f60f1796000-7f60f179a000 r--p 001f6000 00:1d67 4611686019027979918      /nix/store/4nlgxhb09sdr51nc9hdm8az5b08vzkgx-glibc-2.35-163/lib/libc.so.6
7f60f179a000-7f60f179c000 rw-p 001fa000 00:1d67 4611686019027979918      /nix/store/4nlgxhb09sdr51nc9hdm8az5b08vzkgx-glibc-2.35-163/lib/libc.so.6
7f60f179c000-7f60f17ab000 rw-p 00000000 00:00 0 
7f60f17ab000-7f60f17ac000 r--p 00000000 00:1d67 4611686019027979923      /nix/store/4nlgxhb09sdr51nc9hdm8az5b08vzkgx-glibc-2.35-163/lib/libdl.so.2
7f60f17ac000-7f60f17ad000 r-xp 00001000 00:1d67 4611686019027979923      /nix/store/4nlgxhb09sdr51nc9hdm8az5b08vzkgx-glibc-2.35-163/lib/libdl.so.2
7f60f17ad000-7f60f17ae000 r--p 00002000 00:1d67 4611686019027979923      /nix/store/4nlgxhb09sdr51nc9hdm8az5b08vzkgx-glibc-2.35-163/lib/libdl.so.2
7f60f17ae000-7f60f17af000 r--p 00002000 00:1d67 4611686019027979923      /nix/store/4nlgxhb09sdr51nc9hdm8az5b08vzkgx-glibc-2.35-163/lib/libdl.so.2
7f60f17af000-7f60f17b0000 rw-p 00003000 00:1d67 4611686019027979923      /nix/store/4nlgxhb09sdr51nc9hdm8az5b08vzkgx-glibc-2.35-163/lib/libdl.so.2
7f60f17b0000-7f60f17b1000 r--p 00000000 00:1d67 4611686019027979942      /nix/store/4nlgxhb09sdr51nc9hdm8az5b08vzkgx-glibc-2.35-163/lib/libpthread.so.0
7f60f17b1000-7f60f17b2000 r-xp 00001000 00:1d67 4611686019027979942      /nix/store/4nlgxhb09sdr51nc9hdm8az5b08vzkgx-glibc-2.35-163/lib/libpthread.so.0
7f60f17b2000-7f60f17b3000 r--p 00002000 00:1d67 4611686019027979942      /nix/store/4nlgxhb09sdr51nc9hdm8az5b08vzkgx-glibc-2.35-163/lib/libpthread.so.0
7f60f17b3000-7f60f17b4000 r--p 00002000 00:1d67 4611686019027979942      /nix/store/4nlgxhb09sdr51nc9hdm8az5b08vzkgx-glibc-2.35-163/lib/libpthread.so.0
7f60f17b4000-7f60f17b5000 rw-p 00003000 00:1d67 4611686019027979942      /nix/store/4nlgxhb09sdr51nc9hdm8az5b08vzkgx-glibc-2.35-163/lib/libpthread.so.0
7f60f17b5000-7f60f17c3000 r-xp 00000000 00:1d67 4611686019135190033      /nix/store/gpxl5qgg8kicmcvivwmybwjlpf7wh20l-graalvm17-ce-22.3.0/lib/libjli.so
7f60f17c3000-7f60f17c4000 ---p 0000e000 00:1d67 4611686019135190033      /nix/store/gpxl5qgg8kicmcvivwmybwjlpf7wh20l-graalvm17-ce-22.3.0/lib/libjli.so
7f60f17c4000-7f60f17c5000 r--p 0000e000 00:1d67 4611686019135190033      /nix/store/gpxl5qgg8kicmcvivwmybwjlpf7wh20l-graalvm17-ce-22.3.0/lib/libjli.so
7f60f17c5000-7f60f17c6000 rw-p 0000f000 00:1d67 4611686019135190033      /nix/store/gpxl5qgg8kicmcvivwmybwjlpf7wh20l-graalvm17-ce-22.3.0/lib/libjli.so
7f60f17c6000-7f60f17c7000 rw-p 00012000 00:1d67 4611686019135190033      /nix/store/gpxl5qgg8kicmcvivwmybwjlpf7wh20l-graalvm17-ce-22.3.0/lib/libjli.so
7f60f17c7000-7f60f17ca000 r--p 00000000 00:1d67 4611686019106210071      /nix/store/026hln0aq1hyshaxsdvhg0kmcm6yf45r-zlib-1.2.13/lib/libz.so.1.2.13
7f60f17ca000-7f60f17dc000 r-xp 00003000 00:1d67 4611686019106210071      /nix/store/026hln0aq1hyshaxsdvhg0kmcm6yf45r-zlib-1.2.13/lib/libz.so.1.2.13
7f60f17dc000-7f60f17e3000 r--p 00015000 00:1d67 4611686019106210071      /nix/store/026hln0aq1hyshaxsdvhg0kmcm6yf45r-zlib-1.2.13/lib/libz.so.1.2.13
7f60f17e3000-7f60f17e4000 r--p 0001b000 00:1d67 4611686019106210071      /nix/store/026hln0aq1hyshaxsdvhg0kmcm6yf45r-zlib-1.2.13/lib/libz.so.1.2.13
7f60f17e4000-7f60f17e5000 rw-p 0001c000 00:1d67 4611686019106210071      /nix/store/026hln0aq1hyshaxsdvhg0kmcm6yf45r-zlib-1.2.13/lib/libz.so.1.2.13
7f60f17e5000-7f60f17e7000 rw-p 00000000 00:00 0 
7f60f17e7000-7f60f17e9000 r--p 00000000 00:1d67 4611686019027979912      /nix/store/4nlgxhb09sdr51nc9hdm8az5b08vzkgx-glibc-2.35-163/lib/ld-linux-x86-64.so.2
7f60f17e9000-7f60f1810000 r-xp 00002000 00:1d67 4611686019027979912      /nix/store/4nlgxhb09sdr51nc9hdm8az5b08vzkgx-glibc-2.35-163/lib/ld-linux-x86-64.so.2
7f60f1810000-7f60f181c000 r--p 00029000 00:1d67 4611686019027979912      /nix/store/4nlgxhb09sdr51nc9hdm8az5b08vzkgx-glibc-2.35-163/lib/ld-linux-x86-64.so.2
7f60f181c000-7f60f181e000 r--p 00034000 00:1d67 4611686019027979912      /nix/store/4nlgxhb09sdr51nc9hdm8az5b08vzkgx-glibc-2.35-163/lib/ld-linux-x86-64.so.2
7f60f181e000-7f60f1820000 rw-p 00036000 00:1d67 4611686019027979912      /nix/store/4nlgxhb09sdr51nc9hdm8az5b08vzkgx-glibc-2.35-163/lib/ld-linux-x86-64.so.2
7ffe6774b000-7ffe67770000 rw-p 00000000 00:00 0                          [stack]
7ffe677f8000-7ffe677fc000 r--p 00000000 00:00 0                          [vvar]
7ffe677fc000-7ffe677fe000 r-xp 00000000 00:00 0                          [vdso]
ffffffffff600000-ffffffffff601000 --xp 00000000 00:00 0                  [vsyscall]


VM Arguments:
jvm_args: -XX:ThreadPriorityPolicy=1 -XX:+UnlockExperimentalVMOptions -XX:+EnableJVMCIProduct -XX:JVMCIThreadsPerNativeLibraryRuntime=1 -XX:-UnlockExperimentalVMOptions -Declipse.application=org.eclipse.jdt.ls.core.id1 -Dosgi.bundles.defaultStartLevel=4 -Declipse.product=org.eclipse.jdt.ls.core.product -Dlog.level=ALL -Xverify:none -XX:+UseParallelGC -XX:GCTimeRatio=4 -XX:AdaptiveSizePolicyWeight=90 -Dsun.zip.disableMemoryMapping=true -Xmx512m -Xms100m 
java_command: /nix/store/m6gcpi1ii6rghy04cjwjddcavv7i90df-jdt-language-server-1.9.0/share/java/plugins/org.eclipse.equinox.launcher_1.6.400.v20210924-0641.jar --add-modules=ALL-SYSTEM --add-opens java.base/java.util=ALL-UNNAMED --add-opens java.base/java.lang=ALL-UNNAMED -configuration /home/runner/.cache/jdt-language-server/config -data /home/runner/.cache/jdt-language-server/data/home/runner/zaliczenie
java_class_path (initial): /nix/store/m6gcpi1ii6rghy04cjwjddcavv7i90df-jdt-language-server-1.9.0/share/java/plugins/org.eclipse.equinox.launcher_1.6.400.v20210924-0641.jar
Launcher Type: SUN_STANDARD

[Global flags]
    uintx AdaptiveSizePolicyWeight                 = 90                                        {product} {command line}
     intx CICompilerCount                          = 2                                         {product} {ergonomic}
     bool EnableJVMCIProduct                       = true                                {JVMCI product} {jimage}
    uintx GCTimeRatio                              = 4                                         {product} {command line}
   size_t InitialHeapSize                          = 104857600                                 {product} {command line}
     uint JVMCIThreadsPerNativeLibraryRuntime      = 1                                   {JVMCI product} {jimage}
   size_t MaxHeapSize                              = 536870912                                 {product} {command line}
   size_t MaxNewSize                               = 178782208                                 {product} {ergonomic}
   size_t MinHeapDeltaBytes                        = 524288                                    {product} {ergonomic}
   size_t MinHeapSize                              = 104857600                                 {product} {command line}
   size_t NewSize                                  = 34603008                                  {product} {ergonomic}
    uintx NonNMethodCodeHeapSize                   = 5826188                                {pd product} {ergonomic}
    uintx NonProfiledCodeHeapSize                  = 122916026                              {pd product} {ergonomic}
   size_t OldSize                                  = 70254592                                  {product} {ergonomic}
    uintx ProfiledCodeHeapSize                     = 122916026                              {pd product} {ergonomic}
    uintx ReservedCodeCacheSize                    = 251658240                              {pd product} {ergonomic}
     bool SegmentedCodeCache                       = true                                      {product} {ergonomic}
   size_t SoftMaxHeapSize                          = 536870912                              {manageable} {ergonomic}
     intx ThreadPriorityPolicy                     = 1                                         {product} {jimage}
     bool UseCompressedClassPointers               = true                           {product lp64_product} {ergonomic}
     bool UseCompressedOops                        = true                           {product lp64_product} {ergonomic}
     bool UseParallelGC                            = true                                      {product} {command line}

Logging:
Log output configuration:
 #0: stdout all=warning uptime,level,tags
 #1: stderr all=off uptime,level,tags

Environment Variables:
JAVA_HOME=/nix/store/gpxl5qgg8kicmcvivwmybwjlpf7wh20l-graalvm17-ce-22.3.0
PATH=/nix/store/1d6ian3r8kdzspw8hacjhl3xkp40g1lj-binutils-wrapper-2.39/bin:/nix/store/dq0xwmsk1g0i2ayg6pb7y87na2knzylh-gcc-wrapper-11.3.0/bin:/nix/store/bap4d0lpcrhpwmpb8ayjcgkmvfj62lnq-bash-interactive-5.1-p16/bin:/nix/store/pr5n59mb4jzmfx6kanwxly0l07p861fg-patchelf-0.15.0/bin:/nix/store/1gf2flfqnpqbr1b4p4qz2f72y42bs56r-gcc-11.3.0/bin:/nix/store/57xv61c5zi8pphjbcwxxjlgc34p61ic9-glibc-2.35-163-bin/bin:/nix/store/a7gvj343m05j2s32xcnwr35v31ynlypr-coreutils-9.1/bin:/nix/store/039g378vc3pc3dvi9dzdlrd0i4q93qwf-binutils-2.39/bin:/nix/store/gpxl5qgg8kicmcvivwmybwjlpf7wh20l-graalvm17-ce-22.3.0/bin:/nix/store/6z9ag3ihc8mq2hzsw48lhbznvzny65nz-apache-maven-3.8.6/bin:/nix/store/m6gcpi1ii6rghy04cjwjddcavv7i90df-jdt-language-server-1.9.0/bin:/nix/store/84xs5alhs01zrbr4ywm05kxbjbp5590l-java-debug/bin:/nix/store/mydc6f4k2z73xlcz7ilif3v2lcaiqvza-findutils-4.9.0/bin:/nix/store/j9p3g8472iijd50vhdprx0nmk2fqn5gv-diffutils-3.8/bin:/nix/store/89zs7rms6x00xfq4dq6m7mjnhkr8a6r4-gnused-4.8/bin:/nix/store/86bp03jkmsl6f92w0yzg4s59g5mhxwmy-gnugrep-3.7/bin:/nix/store/hwcdqw4jrjnd37wxqgsd47hd0j8bnj09-gawk-5.1.1/bin:/nix/store/cfbhw8r8ags41vwqaz47r583d0p4h4a1-gnutar-1.34/bin:/nix/store/p3m1ndl1lapwrlh698bnb5lvvxh67378-gzip-1.12/bin:/nix/store/a8mhcagrsly7c7mpjrpsnaahk4aax056-bzip2-1.0.8-bin/bin:/nix/store/mblgz65m3zv9x548a3d5m96fj2pbwr09-gnumake-4.3/bin:/nix/store/dsd5gz46hdbdk2rfdimqddhq6m8m8fqs-bash-5.1-p16/bin:/nix/store/v7ljksji50mg3w61dykaa3n3y79n6nil-patch-2.7.6/bin:/nix/store/zlcnmqq14jz5x9439jf937mvayyl63da-xz-5.2.7-bin/bin:/nix/store/y6aj732zm9m87c82fpvf103a1xb22blp-file-5.43/bin:/nix/store/i4kzir3m7mrisxmf5xvlnkw01x4qaqr4-prybar-elisp-0.0.0-e0d9a52/bin:/nix/store/lwwivxf6h7x3cvxp9zv8sj0mv7dak99r-prybar-lua-0.0.0-e0d9a52/bin:/nix/store/gxj28g1cg4hq3qanmjv07156h800qr58-prybar-python3-0.0.0-e0d9a52/bin:/nix/store/hshkjnxrgidigf8x75vg6lqng2xlx9i3-prybar-sqlite-0.0.0-e0d9a52/bin:/nix/store/c4w01bpjgyy5ixmwdk8m1pw87zq4sl26-prybar-tcl-0.0.0-e0d9a52/bin:/nix/store/hpbvrlwd5viqmvcaisb3x0118i913a9n-st
LD_LIBRARY_PATH=/nix/store/a4pff549sk2idnkpzk5nsfps3mdkdnvm-cups-2.4.2-lib/lib:/nix/store/72mqxxhh3cy5yifh92wh2yb8cl2hikyy-cairo-1.16.0/lib:/nix/store/2k366jrbsra97gjfxwvrhvixjfxdach5-glib-2.74.1/lib:/nix/store/2j2znigd8ak37rlwh9khz0ry3clqlw1l-gtk+3-3.24.34/lib:/nix/store/hisqvx32cd57apbpcsnkpx6k3549wql1-libglvnd-1.4.0/lib:/nix/store/p36pgcv991mq5srvg765b78yqpxvk3qs-mesa-21.3.3-drivers/lib:/nix/store/mav4251if1ahjq5vkpwycyyvnmy459c4-pulseaudio-14.2/lib
DISPLAY=:0
LANG=en_US.UTF-8

Signal Handlers:
   SIGSEGV: crash_handler in libjvm.so, mask=11100100010111111101111111111110, flags=SA_RESTART|SA_SIGINFO
    SIGBUS: crash_handler in libjvm.so, mask=11100100010111111101111111111110, flags=SA_RESTART|SA_SIGINFO
    SIGFPE: crash_handler in libjvm.so, mask=11100100010111111101111111111110, flags=SA_RESTART|SA_SIGINFO
   SIGPIPE: IsolateEnterStub_IgnoreSIGPIPEStartupHook_noopSignalHandler_8f19bff2f35b5f630d83b364d6b2339320d4ec70_216e8361c6bc87a8f89f58cc10d3b2fd4415bf87 in libjvmcicompiler.so, mask=00000000000000000000000000000000, flags=SA_RESTART
  *** Handler was modified!
  *** Expected: javaSignalHandler in libjvm.so, mask=11100100110111111111111111111110, flags=SA_RESTART|SA_SIGINFO
   SIGXFSZ: javaSignalHandler in libjvm.so, mask=11100100010111111101111111111110, flags=SA_RESTART|SA_SIGINFO
    SIGILL: crash_handler in libjvm.so, mask=11100100010111111101111111111110, flags=SA_RESTART|SA_SIGINFO
   SIGUSR2: SR_handler in libjvm.so, mask=00000000000000000000000000000000, flags=SA_RESTART|SA_SIGINFO
    SIGHUP: UserHandler in libjvm.so, mask=11100100010111111101111111111110, flags=SA_RESTART|SA_SIGINFO
    SIGINT: UserHandler in libjvm.so, mask=11100100010111111101111111111110, flags=SA_RESTART|SA_SIGINFO
   SIGTERM: UserHandler in libjvm.so, mask=11100100010111111101111111111110, flags=SA_RESTART|SA_SIGINFO
   SIGQUIT: UserHandler in libjvm.so, mask=11100100010111111101111111111110, flags=SA_RESTART|SA_SIGINFO
  *** Handler was modified!
  *** Expected: javaSignalHandler in libjvm.so, mask=11100100110111111111111111111110, flags=SA_RESTART|SA_SIGINFO
   SIGTRAP: crash_handler in libjvm.so, mask=11100100010111111101111111111110, flags=SA_RESTART|SA_SIGINFO


---------------  S Y S T E M  ---------------

OS:
DISTRIB_ID=Ubuntu
DISTRIB_RELEASE=20.04
DISTRIB_CODENAME=focal
DISTRIB_DESCRIPTION="Ubuntu 20.04.2 LTS"
uname: Linux 5.19.0-1024-gcp #26~22.04.1-Ubuntu SMP Mon May 15 08:59:20 UTC 2023 x86_64
OS uptime: 0 days 4:07 hours
libc: glibc 2.35 NPTL 2.35 
rlimit (soft/hard): STACK 8192k/infinity , CORE infinity/infinity , NPROC infinity/infinity , NOFILE 5242/5242 , AS infinity/infinity , CPU infinity/infinity , DATA infinity/infinity , FSIZE infinity/infinity , MEMLOCK 8192k/8192k
load average: 19.80 13.35 11.90

/proc/meminfo:
MemTotal:       65852240 kB
MemFree:        18985552 kB
MemAvailable:   43943300 kB
Buffers:         2565228 kB
Cached:         21211872 kB
SwapCached:            0 kB
Active:          9816396 kB
Inactive:       33119660 kB
Active(anon):      19364 kB
Inactive(anon): 18880408 kB
Active(file):    9797032 kB
Inactive(file): 14239252 kB
Unevictable:       56036 kB
Mlocked:           56036 kB
SwapTotal:             0 kB
SwapFree:              0 kB
Zswap:                 0 kB
Zswapped:              0 kB
Dirty:             20568 kB
Writeback:             0 kB
AnonPages:      18569980 kB
Mapped:          1881104 kB
Shmem:             27668 kB
KReclaimable:    1648064 kB
Slab:            2786516 kB
SReclaimable:    1648064 kB
SUnreclaim:      1138452 kB
KernelStack:      455036 kB
PageTables:       213984 kB
NFS_Unstable:          0 kB
Bounce:                0 kB
WritebackTmp:          0 kB
CommitLimit:    32926120 kB
Committed_AS:   73894844 kB
VmallocTotal:   34359738367 kB
VmallocUsed:      497596 kB
VmallocChunk:          0 kB
Percpu:            53824 kB
HardwareCorrupted:     0 kB
AnonHugePages:   2449408 kB
ShmemHugePages:        0 kB
ShmemPmdMapped:        0 kB
FileHugePages:         0 kB
FilePmdMapped:         0 kB
HugePages_Total:       0
HugePages_Free:        0
HugePages_Rsvd:        0
HugePages_Surp:        0
Hugepagesize:       2048 kB
Hugetlb:               0 kB
DirectMap4k:     4416312 kB
DirectMap2M:    48009216 kB
DirectMap1G:    16777216 kB

/sys/kernel/mm/transparent_hugepage/enabled: always [madvise] never
/sys/kernel/mm/transparent_hugepage/defrag (defrag/compaction efforts parameter): always defer defer+madvise [madvise] never

Process Memory:
Virtual Size: 4854876K (peak: 4940608K)
Resident Set Size: 721012K (peak: 753336K) (anon: 523628K, file: 197384K, shmem: 0K)
Swapped out: 0K
C-Heap outstanding allocations: 43399K, retained: 13068K
glibc malloc tunables: (default)

/proc/sys/kernel/threads-max (system-wide limit on the number of threads): 514406
/proc/sys/vm/max_map_count (maximum number of memory map areas a process may have): 65530
/proc/sys/kernel/pid_max (system-wide limit on number of process identifiers): 4194304

container (cgroup) information:
container_type: cgroupv1
cpu_cpuset_cpus: 2-7
cpu_memory_nodes: 0
active_processor_count: 1
cpu_quota: 50000
cpu_period: 100000
cpu_shares: 512
memory_limit_in_bytes: 1048576 k
memory_and_swap_limit_in_bytes: 1048576 k
memory_soft_limit_in_bytes: 524288 k
memory_usage_in_bytes: 570728 k
memory_max_usage_in_bytes: 592392 k
maximum number of tasks: 1000
current number of tasks: 45

KVM virtualization detected
Steal ticks since vm start: 0
Steal ticks percentage since vm start:  0.000

CPU: total 8 (initial active 1) (8 cores per cpu, 2 threads per core) family 23 model 49 stepping 0 microcode 0xffffffff, cx8, cmov, fxsr, ht, mmx, 3dnowpref, sse, sse2, sse3, ssse3, sse4a, sse4.1, sse4.2, popcnt, lzcnt, tsc, tscinvbit, avx, avx2, aes, clmul, bmi1, bmi2, adx, sha, fma, vzeroupper, clflush, clflushopt, hv
CPU Model and flags from /proc/cpuinfo:
model name	: AMD EPYC 7B12
flags		: fpu vme de pse tsc msr pae mce cx8 apic sep mtrr pge mca cmov pat pse36 clflush mmx fxsr sse sse2 ht syscall nx mmxext fxsr_opt pdpe1gb rdtscp lm constant_tsc rep_good nopl nonstop_tsc cpuid extd_apicid tsc_known_freq pni pclmulqdq ssse3 fma cx16 sse4_1 sse4_2 movbe popcnt aes xsave avx f16c rdrand hypervisor lahf_lm cmp_legacy cr8_legacy abm sse4a misalignsse 3dnowprefetch osvw topoext ssbd ibrs ibpb stibp vmmcall fsgsbase tsc_adjust bmi1 avx2 smep bmi2 rdseed adx smap clflushopt clwb sha_ni xsaveopt xsavec xgetbv1 clzero xsaveerptr arat npt nrip_save umip rdpid

Online cpus: 0-7
Offline cpus: 
BIOS frequency limitation: <Not Available>
Frequency switch latency (ns): <Not Available>
Available cpu frequencies: <Not Available>
Current governor: <Not Available>
Core performance/turbo boost: <Not Available>

Memory: 4k page, physical 1048576k(477840k free), swap 0k(0k free)
Page Sizes: 4k

vm_info: OpenJDK 64-Bit Server VM (17.0.5+8-jvmci-22.3-b08) for linux-amd64 JRE (17.0.5+8-jvmci-22.3-b08), built on Oct 19 2022 09:01:27 by "buildslave" with gcc 10.3.0

END.
